{"C:\\Users\\hanno\\OneDrive\\Bureau\\git_pro\\KickOff\\App.js": {"path":"C:\\Users\\hanno\\OneDrive\\Bureau\\git_pro\\KickOff\\App.js","statementMap":{"0":{"start":{"line":9,"column":2},"end":{"line":15,"column":4}},"1":{"start":{"line":18,"column":15},"end":{"line":29,"column":2}}},"fnMap":{"0":{"name":"App","decl":{"start":{"line":8,"column":24},"end":{"line":8,"column":27}},"loc":{"start":{"line":8,"column":30},"end":{"line":16,"column":1}},"line":8}},"branchMap":{},"s":{"0":2,"1":1},"f":{"0":2},"b":{},"_coverageSchema":"1a1c01bbd47fc00a2c39e90264f33305004495a9","hash":"91e1db09701d352ab5a80ab4a8962450e5f7b82f"}
,"C:\\Users\\hanno\\OneDrive\\Bureau\\git_pro\\KickOff\\.expo\\metro\\polyfill.js": {"path":"C:\\Users\\hanno\\OneDrive\\Bureau\\git_pro\\KickOff\\.expo\\metro\\polyfill.js","statementMap":{"0":{"start":{"line":1,"column":0},"end":{"line":1,"column":81}},"1":{"start":{"line":1,"column":76},"end":{"line":1,"column":80}}},"fnMap":{"0":{"name":"(anonymous_0)","decl":{"start":{"line":1,"column":70},"end":{"line":1,"column":71}},"loc":{"start":{"line":1,"column":76},"end":{"line":1,"column":80}},"line":1}},"branchMap":{"0":{"loc":{"start":{"line":1,"column":28},"end":{"line":1,"column":80}},"type":"cond-expr","locations":[{"start":{"line":1,"column":60},"end":{"line":1,"column":67}},{"start":{"line":1,"column":70},"end":{"line":1,"column":80}}],"line":1}},"s":{"0":0,"1":0},"f":{"0":0},"b":{"0":[0,0]}}
,"C:\\Users\\hanno\\OneDrive\\Bureau\\git_pro\\KickOff\\.expo\\metro\\polyfill.native.js": {"path":"C:\\Users\\hanno\\OneDrive\\Bureau\\git_pro\\KickOff\\.expo\\metro\\polyfill.native.js","statementMap":{"0":{"start":{"line":1,"column":0},"end":{"line":1,"column":155}},"1":{"start":{"line":1,"column":43},"end":{"line":1,"column":154}}},"fnMap":{"0":{"name":"(anonymous_0)","decl":{"start":{"line":1,"column":28},"end":{"line":1,"column":29}},"loc":{"start":{"line":1,"column":42},"end":{"line":1,"column":155}},"line":1}},"branchMap":{},"s":{"0":0,"1":0},"f":{"0":0},"b":{}}
,"C:\\Users\\hanno\\OneDrive\\Bureau\\git_pro\\KickOff\\.expo\\metro\\externals\\assert\\index.js": {"path":"C:\\Users\\hanno\\OneDrive\\Bureau\\git_pro\\KickOff\\.expo\\metro\\externals\\assert\\index.js","statementMap":{"0":{"start":{"line":1,"column":0},"end":{"line":1,"column":51}}},"fnMap":{},"branchMap":{},"s":{"0":0},"f":{},"b":{}}
,"C:\\Users\\hanno\\OneDrive\\Bureau\\git_pro\\KickOff\\.expo\\metro\\externals\\async_hooks\\index.js": {"path":"C:\\Users\\hanno\\OneDrive\\Bureau\\git_pro\\KickOff\\.expo\\metro\\externals\\async_hooks\\index.js","statementMap":{"0":{"start":{"line":1,"column":0},"end":{"line":1,"column":56}}},"fnMap":{},"branchMap":{},"s":{"0":0},"f":{},"b":{}}
,"C:\\Users\\hanno\\OneDrive\\Bureau\\git_pro\\KickOff\\.expo\\metro\\externals\\buffer\\index.js": {"path":"C:\\Users\\hanno\\OneDrive\\Bureau\\git_pro\\KickOff\\.expo\\metro\\externals\\buffer\\index.js","statementMap":{"0":{"start":{"line":1,"column":0},"end":{"line":1,"column":51}}},"fnMap":{},"branchMap":{},"s":{"0":0},"f":{},"b":{}}
,"C:\\Users\\hanno\\OneDrive\\Bureau\\git_pro\\KickOff\\.expo\\metro\\externals\\child_process\\index.js": {"path":"C:\\Users\\hanno\\OneDrive\\Bureau\\git_pro\\KickOff\\.expo\\metro\\externals\\child_process\\index.js","statementMap":{"0":{"start":{"line":1,"column":0},"end":{"line":1,"column":58}}},"fnMap":{},"branchMap":{},"s":{"0":0},"f":{},"b":{}}
,"C:\\Users\\hanno\\OneDrive\\Bureau\\git_pro\\KickOff\\.expo\\metro\\externals\\cluster\\index.js": {"path":"C:\\Users\\hanno\\OneDrive\\Bureau\\git_pro\\KickOff\\.expo\\metro\\externals\\cluster\\index.js","statementMap":{"0":{"start":{"line":1,"column":0},"end":{"line":1,"column":52}}},"fnMap":{},"branchMap":{},"s":{"0":0},"f":{},"b":{}}
,"C:\\Users\\hanno\\OneDrive\\Bureau\\git_pro\\KickOff\\.expo\\metro\\externals\\console\\index.js": {"path":"C:\\Users\\hanno\\OneDrive\\Bureau\\git_pro\\KickOff\\.expo\\metro\\externals\\console\\index.js","statementMap":{"0":{"start":{"line":1,"column":0},"end":{"line":1,"column":52}}},"fnMap":{},"branchMap":{},"s":{"0":0},"f":{},"b":{}}
,"C:\\Users\\hanno\\OneDrive\\Bureau\\git_pro\\KickOff\\.expo\\metro\\externals\\constants\\index.js": {"path":"C:\\Users\\hanno\\OneDrive\\Bureau\\git_pro\\KickOff\\.expo\\metro\\externals\\constants\\index.js","statementMap":{"0":{"start":{"line":1,"column":0},"end":{"line":1,"column":54}}},"fnMap":{},"branchMap":{},"s":{"0":0},"f":{},"b":{}}
,"C:\\Users\\hanno\\OneDrive\\Bureau\\git_pro\\KickOff\\.expo\\metro\\externals\\crypto\\index.js": {"path":"C:\\Users\\hanno\\OneDrive\\Bureau\\git_pro\\KickOff\\.expo\\metro\\externals\\crypto\\index.js","statementMap":{"0":{"start":{"line":1,"column":0},"end":{"line":1,"column":51}}},"fnMap":{},"branchMap":{},"s":{"0":0},"f":{},"b":{}}
,"C:\\Users\\hanno\\OneDrive\\Bureau\\git_pro\\KickOff\\.expo\\metro\\externals\\dgram\\index.js": {"path":"C:\\Users\\hanno\\OneDrive\\Bureau\\git_pro\\KickOff\\.expo\\metro\\externals\\dgram\\index.js","statementMap":{"0":{"start":{"line":1,"column":0},"end":{"line":1,"column":50}}},"fnMap":{},"branchMap":{},"s":{"0":0},"f":{},"b":{}}
,"C:\\Users\\hanno\\OneDrive\\Bureau\\git_pro\\KickOff\\.expo\\metro\\externals\\diagnostics_channel\\index.js": {"path":"C:\\Users\\hanno\\OneDrive\\Bureau\\git_pro\\KickOff\\.expo\\metro\\externals\\diagnostics_channel\\index.js","statementMap":{"0":{"start":{"line":1,"column":0},"end":{"line":1,"column":64}}},"fnMap":{},"branchMap":{},"s":{"0":0},"f":{},"b":{}}
,"C:\\Users\\hanno\\OneDrive\\Bureau\\git_pro\\KickOff\\.expo\\metro\\externals\\dns\\index.js": {"path":"C:\\Users\\hanno\\OneDrive\\Bureau\\git_pro\\KickOff\\.expo\\metro\\externals\\dns\\index.js","statementMap":{"0":{"start":{"line":1,"column":0},"end":{"line":1,"column":48}}},"fnMap":{},"branchMap":{},"s":{"0":0},"f":{},"b":{}}
,"C:\\Users\\hanno\\OneDrive\\Bureau\\git_pro\\KickOff\\.expo\\metro\\externals\\domain\\index.js": {"path":"C:\\Users\\hanno\\OneDrive\\Bureau\\git_pro\\KickOff\\.expo\\metro\\externals\\domain\\index.js","statementMap":{"0":{"start":{"line":1,"column":0},"end":{"line":1,"column":51}}},"fnMap":{},"branchMap":{},"s":{"0":0},"f":{},"b":{}}
,"C:\\Users\\hanno\\OneDrive\\Bureau\\git_pro\\KickOff\\.expo\\metro\\externals\\events\\index.js": {"path":"C:\\Users\\hanno\\OneDrive\\Bureau\\git_pro\\KickOff\\.expo\\metro\\externals\\events\\index.js","statementMap":{"0":{"start":{"line":1,"column":0},"end":{"line":1,"column":51}}},"fnMap":{},"branchMap":{},"s":{"0":0},"f":{},"b":{}}
,"C:\\Users\\hanno\\OneDrive\\Bureau\\git_pro\\KickOff\\.expo\\metro\\externals\\fs\\index.js": {"path":"C:\\Users\\hanno\\OneDrive\\Bureau\\git_pro\\KickOff\\.expo\\metro\\externals\\fs\\index.js","statementMap":{"0":{"start":{"line":1,"column":0},"end":{"line":1,"column":47}}},"fnMap":{},"branchMap":{},"s":{"0":0},"f":{},"b":{}}
,"C:\\Users\\hanno\\OneDrive\\Bureau\\git_pro\\KickOff\\.expo\\metro\\externals\\fs\\promises\\index.js": {"path":"C:\\Users\\hanno\\OneDrive\\Bureau\\git_pro\\KickOff\\.expo\\metro\\externals\\fs\\promises\\index.js","statementMap":{"0":{"start":{"line":1,"column":0},"end":{"line":1,"column":56}}},"fnMap":{},"branchMap":{},"s":{"0":0},"f":{},"b":{}}
,"C:\\Users\\hanno\\OneDrive\\Bureau\\git_pro\\KickOff\\.expo\\metro\\externals\\http\\index.js": {"path":"C:\\Users\\hanno\\OneDrive\\Bureau\\git_pro\\KickOff\\.expo\\metro\\externals\\http\\index.js","statementMap":{"0":{"start":{"line":1,"column":0},"end":{"line":1,"column":49}}},"fnMap":{},"branchMap":{},"s":{"0":0},"f":{},"b":{}}
,"C:\\Users\\hanno\\OneDrive\\Bureau\\git_pro\\KickOff\\.expo\\metro\\externals\\http2\\index.js": {"path":"C:\\Users\\hanno\\OneDrive\\Bureau\\git_pro\\KickOff\\.expo\\metro\\externals\\http2\\index.js","statementMap":{"0":{"start":{"line":1,"column":0},"end":{"line":1,"column":50}}},"fnMap":{},"branchMap":{},"s":{"0":0},"f":{},"b":{}}
,"C:\\Users\\hanno\\OneDrive\\Bureau\\git_pro\\KickOff\\.expo\\metro\\externals\\https\\index.js": {"path":"C:\\Users\\hanno\\OneDrive\\Bureau\\git_pro\\KickOff\\.expo\\metro\\externals\\https\\index.js","statementMap":{"0":{"start":{"line":1,"column":0},"end":{"line":1,"column":50}}},"fnMap":{},"branchMap":{},"s":{"0":0},"f":{},"b":{}}
,"C:\\Users\\hanno\\OneDrive\\Bureau\\git_pro\\KickOff\\.expo\\metro\\externals\\inspector\\index.js": {"path":"C:\\Users\\hanno\\OneDrive\\Bureau\\git_pro\\KickOff\\.expo\\metro\\externals\\inspector\\index.js","statementMap":{"0":{"start":{"line":1,"column":0},"end":{"line":1,"column":54}}},"fnMap":{},"branchMap":{},"s":{"0":0},"f":{},"b":{}}
,"C:\\Users\\hanno\\OneDrive\\Bureau\\git_pro\\KickOff\\.expo\\metro\\externals\\module\\index.js": {"path":"C:\\Users\\hanno\\OneDrive\\Bureau\\git_pro\\KickOff\\.expo\\metro\\externals\\module\\index.js","statementMap":{"0":{"start":{"line":1,"column":0},"end":{"line":1,"column":51}}},"fnMap":{},"branchMap":{},"s":{"0":0},"f":{},"b":{}}
,"C:\\Users\\hanno\\OneDrive\\Bureau\\git_pro\\KickOff\\.expo\\metro\\externals\\net\\index.js": {"path":"C:\\Users\\hanno\\OneDrive\\Bureau\\git_pro\\KickOff\\.expo\\metro\\externals\\net\\index.js","statementMap":{"0":{"start":{"line":1,"column":0},"end":{"line":1,"column":48}}},"fnMap":{},"branchMap":{},"s":{"0":0},"f":{},"b":{}}
,"C:\\Users\\hanno\\OneDrive\\Bureau\\git_pro\\KickOff\\.expo\\metro\\externals\\os\\index.js": {"path":"C:\\Users\\hanno\\OneDrive\\Bureau\\git_pro\\KickOff\\.expo\\metro\\externals\\os\\index.js","statementMap":{"0":{"start":{"line":1,"column":0},"end":{"line":1,"column":47}}},"fnMap":{},"branchMap":{},"s":{"0":0},"f":{},"b":{}}
,"C:\\Users\\hanno\\OneDrive\\Bureau\\git_pro\\KickOff\\.expo\\metro\\externals\\path\\index.js": {"path":"C:\\Users\\hanno\\OneDrive\\Bureau\\git_pro\\KickOff\\.expo\\metro\\externals\\path\\index.js","statementMap":{"0":{"start":{"line":1,"column":0},"end":{"line":1,"column":49}}},"fnMap":{},"branchMap":{},"s":{"0":0},"f":{},"b":{}}
,"C:\\Users\\hanno\\OneDrive\\Bureau\\git_pro\\KickOff\\.expo\\metro\\externals\\perf_hooks\\index.js": {"path":"C:\\Users\\hanno\\OneDrive\\Bureau\\git_pro\\KickOff\\.expo\\metro\\externals\\perf_hooks\\index.js","statementMap":{"0":{"start":{"line":1,"column":0},"end":{"line":1,"column":55}}},"fnMap":{},"branchMap":{},"s":{"0":0},"f":{},"b":{}}
,"C:\\Users\\hanno\\OneDrive\\Bureau\\git_pro\\KickOff\\.expo\\metro\\externals\\process\\index.js": {"path":"C:\\Users\\hanno\\OneDrive\\Bureau\\git_pro\\KickOff\\.expo\\metro\\externals\\process\\index.js","statementMap":{"0":{"start":{"line":1,"column":0},"end":{"line":1,"column":52}}},"fnMap":{},"branchMap":{},"s":{"0":0},"f":{},"b":{}}
,"C:\\Users\\hanno\\OneDrive\\Bureau\\git_pro\\KickOff\\.expo\\metro\\externals\\punycode\\index.js": {"path":"C:\\Users\\hanno\\OneDrive\\Bureau\\git_pro\\KickOff\\.expo\\metro\\externals\\punycode\\index.js","statementMap":{"0":{"start":{"line":1,"column":0},"end":{"line":1,"column":53}}},"fnMap":{},"branchMap":{},"s":{"0":0},"f":{},"b":{}}
,"C:\\Users\\hanno\\OneDrive\\Bureau\\git_pro\\KickOff\\.expo\\metro\\externals\\querystring\\index.js": {"path":"C:\\Users\\hanno\\OneDrive\\Bureau\\git_pro\\KickOff\\.expo\\metro\\externals\\querystring\\index.js","statementMap":{"0":{"start":{"line":1,"column":0},"end":{"line":1,"column":56}}},"fnMap":{},"branchMap":{},"s":{"0":0},"f":{},"b":{}}
,"C:\\Users\\hanno\\OneDrive\\Bureau\\git_pro\\KickOff\\.expo\\metro\\externals\\readline\\index.js": {"path":"C:\\Users\\hanno\\OneDrive\\Bureau\\git_pro\\KickOff\\.expo\\metro\\externals\\readline\\index.js","statementMap":{"0":{"start":{"line":1,"column":0},"end":{"line":1,"column":53}}},"fnMap":{},"branchMap":{},"s":{"0":0},"f":{},"b":{}}
,"C:\\Users\\hanno\\OneDrive\\Bureau\\git_pro\\KickOff\\.expo\\metro\\externals\\repl\\index.js": {"path":"C:\\Users\\hanno\\OneDrive\\Bureau\\git_pro\\KickOff\\.expo\\metro\\externals\\repl\\index.js","statementMap":{"0":{"start":{"line":1,"column":0},"end":{"line":1,"column":49}}},"fnMap":{},"branchMap":{},"s":{"0":0},"f":{},"b":{}}
,"C:\\Users\\hanno\\OneDrive\\Bureau\\git_pro\\KickOff\\.expo\\metro\\externals\\stream\\index.js": {"path":"C:\\Users\\hanno\\OneDrive\\Bureau\\git_pro\\KickOff\\.expo\\metro\\externals\\stream\\index.js","statementMap":{"0":{"start":{"line":1,"column":0},"end":{"line":1,"column":51}}},"fnMap":{},"branchMap":{},"s":{"0":0},"f":{},"b":{}}
,"C:\\Users\\hanno\\OneDrive\\Bureau\\git_pro\\KickOff\\.expo\\metro\\externals\\string_decoder\\index.js": {"path":"C:\\Users\\hanno\\OneDrive\\Bureau\\git_pro\\KickOff\\.expo\\metro\\externals\\string_decoder\\index.js","statementMap":{"0":{"start":{"line":1,"column":0},"end":{"line":1,"column":59}}},"fnMap":{},"branchMap":{},"s":{"0":0},"f":{},"b":{}}
,"C:\\Users\\hanno\\OneDrive\\Bureau\\git_pro\\KickOff\\.expo\\metro\\externals\\timers\\index.js": {"path":"C:\\Users\\hanno\\OneDrive\\Bureau\\git_pro\\KickOff\\.expo\\metro\\externals\\timers\\index.js","statementMap":{"0":{"start":{"line":1,"column":0},"end":{"line":1,"column":51}}},"fnMap":{},"branchMap":{},"s":{"0":0},"f":{},"b":{}}
,"C:\\Users\\hanno\\OneDrive\\Bureau\\git_pro\\KickOff\\.expo\\metro\\externals\\tls\\index.js": {"path":"C:\\Users\\hanno\\OneDrive\\Bureau\\git_pro\\KickOff\\.expo\\metro\\externals\\tls\\index.js","statementMap":{"0":{"start":{"line":1,"column":0},"end":{"line":1,"column":48}}},"fnMap":{},"branchMap":{},"s":{"0":0},"f":{},"b":{}}
,"C:\\Users\\hanno\\OneDrive\\Bureau\\git_pro\\KickOff\\.expo\\metro\\externals\\trace_events\\index.js": {"path":"C:\\Users\\hanno\\OneDrive\\Bureau\\git_pro\\KickOff\\.expo\\metro\\externals\\trace_events\\index.js","statementMap":{"0":{"start":{"line":1,"column":0},"end":{"line":1,"column":57}}},"fnMap":{},"branchMap":{},"s":{"0":0},"f":{},"b":{}}
,"C:\\Users\\hanno\\OneDrive\\Bureau\\git_pro\\KickOff\\.expo\\metro\\externals\\tty\\index.js": {"path":"C:\\Users\\hanno\\OneDrive\\Bureau\\git_pro\\KickOff\\.expo\\metro\\externals\\tty\\index.js","statementMap":{"0":{"start":{"line":1,"column":0},"end":{"line":1,"column":48}}},"fnMap":{},"branchMap":{},"s":{"0":0},"f":{},"b":{}}
,"C:\\Users\\hanno\\OneDrive\\Bureau\\git_pro\\KickOff\\.expo\\metro\\externals\\url\\index.js": {"path":"C:\\Users\\hanno\\OneDrive\\Bureau\\git_pro\\KickOff\\.expo\\metro\\externals\\url\\index.js","statementMap":{"0":{"start":{"line":1,"column":0},"end":{"line":1,"column":48}}},"fnMap":{},"branchMap":{},"s":{"0":0},"f":{},"b":{}}
,"C:\\Users\\hanno\\OneDrive\\Bureau\\git_pro\\KickOff\\.expo\\metro\\externals\\util\\index.js": {"path":"C:\\Users\\hanno\\OneDrive\\Bureau\\git_pro\\KickOff\\.expo\\metro\\externals\\util\\index.js","statementMap":{"0":{"start":{"line":1,"column":0},"end":{"line":1,"column":49}}},"fnMap":{},"branchMap":{},"s":{"0":0},"f":{},"b":{}}
,"C:\\Users\\hanno\\OneDrive\\Bureau\\git_pro\\KickOff\\.expo\\metro\\externals\\v8\\index.js": {"path":"C:\\Users\\hanno\\OneDrive\\Bureau\\git_pro\\KickOff\\.expo\\metro\\externals\\v8\\index.js","statementMap":{"0":{"start":{"line":1,"column":0},"end":{"line":1,"column":47}}},"fnMap":{},"branchMap":{},"s":{"0":0},"f":{},"b":{}}
,"C:\\Users\\hanno\\OneDrive\\Bureau\\git_pro\\KickOff\\.expo\\metro\\externals\\vm\\index.js": {"path":"C:\\Users\\hanno\\OneDrive\\Bureau\\git_pro\\KickOff\\.expo\\metro\\externals\\vm\\index.js","statementMap":{"0":{"start":{"line":1,"column":0},"end":{"line":1,"column":47}}},"fnMap":{},"branchMap":{},"s":{"0":0},"f":{},"b":{}}
,"C:\\Users\\hanno\\OneDrive\\Bureau\\git_pro\\KickOff\\.expo\\metro\\externals\\wasi\\index.js": {"path":"C:\\Users\\hanno\\OneDrive\\Bureau\\git_pro\\KickOff\\.expo\\metro\\externals\\wasi\\index.js","statementMap":{"0":{"start":{"line":1,"column":0},"end":{"line":1,"column":49}}},"fnMap":{},"branchMap":{},"s":{"0":0},"f":{},"b":{}}
,"C:\\Users\\hanno\\OneDrive\\Bureau\\git_pro\\KickOff\\.expo\\metro\\externals\\worker_threads\\index.js": {"path":"C:\\Users\\hanno\\OneDrive\\Bureau\\git_pro\\KickOff\\.expo\\metro\\externals\\worker_threads\\index.js","statementMap":{"0":{"start":{"line":1,"column":0},"end":{"line":1,"column":59}}},"fnMap":{},"branchMap":{},"s":{"0":0},"f":{},"b":{}}
,"C:\\Users\\hanno\\OneDrive\\Bureau\\git_pro\\KickOff\\.expo\\metro\\externals\\zlib\\index.js": {"path":"C:\\Users\\hanno\\OneDrive\\Bureau\\git_pro\\KickOff\\.expo\\metro\\externals\\zlib\\index.js","statementMap":{"0":{"start":{"line":1,"column":0},"end":{"line":1,"column":49}}},"fnMap":{},"branchMap":{},"s":{"0":0},"f":{},"b":{}}
,"C:\\Users\\hanno\\OneDrive\\Bureau\\git_pro\\KickOff\\.expo\\metro\\shims\\react-native-web\\dist\\cjs\\exports\\AppRegistry\\AppContainer.js": {"path":"C:\\Users\\hanno\\OneDrive\\Bureau\\git_pro\\KickOff\\.expo\\metro\\shims\\react-native-web\\dist\\cjs\\exports\\AppRegistry\\AppContainer.js","statementMap":{"0":{"start":{"line":5,"column":2},"end":{"line":5,"column":18}},"1":{"start":{"line":8,"column":0},"end":{"line":10,"column":1}},"2":{"start":{"line":9,"column":2},"end":{"line":9,"column":44}},"3":{"start":{"line":12,"column":0},"end":{"line":12,"column":30}},"4":{"start":{"line":13,"column":0},"end":{"line":13,"column":38}}},"fnMap":{"0":{"name":"AppContainer","decl":{"start":{"line":4,"column":9},"end":{"line":4,"column":21}},"loc":{"start":{"line":4,"column":36},"end":{"line":6,"column":1}},"line":4}},"branchMap":{"0":{"loc":{"start":{"line":8,"column":0},"end":{"line":10,"column":1}},"type":"if","locations":[{"start":{"line":8,"column":0},"end":{"line":10,"column":1}},{"start":{},"end":{}}],"line":8}},"s":{"0":0,"1":0,"2":0,"3":0,"4":0},"f":{"0":0},"b":{"0":[0,0]}}
,"C:\\Users\\hanno\\OneDrive\\Bureau\\git_pro\\KickOff\\.expo\\metro\\shims\\react-native-web\\dist\\cjs\\exports\\BackHandler\\index.js": {"path":"C:\\Users\\hanno\\OneDrive\\Bureau\\git_pro\\KickOff\\.expo\\metro\\shims\\react-native-web\\dist\\cjs\\exports\\BackHandler\\index.js","statementMap":{"0":{"start":{"line":3,"column":0},"end":{"line":3,"column":54}},"1":{"start":{"line":4,"column":18},"end":{"line":8,"column":3}},"2":{"start":{"line":6,"column":29},"end":{"line":6,"column":54}},"3":{"start":{"line":9,"column":13},"end":{"line":9,"column":24}},"4":{"start":{"line":10,"column":0},"end":{"line":10,"column":65}}},"fnMap":{"0":{"name":"emptyFunction","decl":{"start":{"line":2,"column":9},"end":{"line":2,"column":22}},"loc":{"start":{"line":2,"column":25},"end":{"line":2,"column":27}},"line":2},"1":{"name":"(anonymous_1)","decl":{"start":{"line":6,"column":22},"end":{"line":6,"column":23}},"loc":{"start":{"line":6,"column":29},"end":{"line":6,"column":54}},"line":6}},"branchMap":{},"s":{"0":0,"1":0,"2":0,"3":0,"4":0},"f":{"0":0,"1":0},"b":{}}
,"C:\\Users\\hanno\\OneDrive\\Bureau\\git_pro\\KickOff\\.expo\\metro\\shims\\react-native-web\\dist\\exports\\AppRegistry\\AppContainer.js": {"path":"C:\\Users\\hanno\\OneDrive\\Bureau\\git_pro\\KickOff\\.expo\\metro\\shims\\react-native-web\\dist\\exports\\AppRegistry\\AppContainer.js","statementMap":{"0":{"start":{"line":5,"column":2},"end":{"line":5,"column":18}},"1":{"start":{"line":8,"column":0},"end":{"line":10,"column":1}},"2":{"start":{"line":9,"column":2},"end":{"line":9,"column":44}}},"fnMap":{"0":{"name":"AppContainer","decl":{"start":{"line":4,"column":9},"end":{"line":4,"column":21}},"loc":{"start":{"line":4,"column":36},"end":{"line":6,"column":1}},"line":4}},"branchMap":{"0":{"loc":{"start":{"line":8,"column":0},"end":{"line":10,"column":1}},"type":"if","locations":[{"start":{"line":8,"column":0},"end":{"line":10,"column":1}},{"start":{},"end":{}}],"line":8}},"s":{"0":0,"1":0,"2":0},"f":{"0":0},"b":{"0":[0,0]}}
,"C:\\Users\\hanno\\OneDrive\\Bureau\\git_pro\\KickOff\\.expo\\metro\\shims\\react-native-web\\dist\\exports\\BackHandler\\index.js": {"path":"C:\\Users\\hanno\\OneDrive\\Bureau\\git_pro\\KickOff\\.expo\\metro\\shims\\react-native-web\\dist\\exports\\BackHandler\\index.js","statementMap":{"0":{"start":{"line":2,"column":18},"end":{"line":6,"column":1}},"1":{"start":{"line":4,"column":27},"end":{"line":4,"column":52}}},"fnMap":{"0":{"name":"emptyFunction","decl":{"start":{"line":1,"column":9},"end":{"line":1,"column":22}},"loc":{"start":{"line":1,"column":25},"end":{"line":1,"column":27}},"line":1},"1":{"name":"(anonymous_1)","decl":{"start":{"line":4,"column":20},"end":{"line":4,"column":21}},"loc":{"start":{"line":4,"column":27},"end":{"line":4,"column":52}},"line":4}},"branchMap":{},"s":{"0":0,"1":0},"f":{"0":0,"1":0},"b":{}}
,"C:\\Users\\hanno\\OneDrive\\Bureau\\git_pro\\KickOff\\api\\Player.js": {"path":"C:\\Users\\hanno\\OneDrive\\Bureau\\git_pro\\KickOff\\api\\Player.js","statementMap":{"0":{"start":{"line":1,"column":18},"end":{"line":1,"column":90}}},"fnMap":{},"branchMap":{},"s":{"0":2},"f":{},"b":{},"_coverageSchema":"1a1c01bbd47fc00a2c39e90264f33305004495a9","hash":"90442b839c5042ce808fc636252620f249f9b7fa"}
,"C:\\Users\\hanno\\OneDrive\\Bureau\\git_pro\\KickOff\\api\\data.js": {"path":"C:\\Users\\hanno\\OneDrive\\Bureau\\git_pro\\KickOff\\api\\data.js","statementMap":{"0":{"start":{"line":1,"column":17},"end":{"line":1,"column":51}}},"fnMap":{},"branchMap":{},"s":{"0":2},"f":{},"b":{},"_coverageSchema":"1a1c01bbd47fc00a2c39e90264f33305004495a9","hash":"07a7cf48af3019fe6021aa38e613407b7afd46b0"}
,"C:\\Users\\hanno\\OneDrive\\Bureau\\git_pro\\KickOff\\components\\DropdownWindow.js": {"path":"C:\\Users\\hanno\\OneDrive\\Bureau\\git_pro\\KickOff\\components\\DropdownWindow.js","statementMap":{"0":{"start":{"line":4,"column":23},"end":{"line":6,"column":1}},"1":{"start":{"line":5,"column":2},"end":{"line":5,"column":107}},"2":{"start":{"line":10,"column":15},"end":{"line":21,"column":2}}},"fnMap":{"0":{"name":"(anonymous_0)","decl":{"start":{"line":4,"column":23},"end":{"line":4,"column":24}},"loc":{"start":{"line":4,"column":52},"end":{"line":6,"column":1}},"line":4}},"branchMap":{},"s":{"0":0,"1":0,"2":0},"f":{"0":0},"b":{}}
,"C:\\Users\\hanno\\OneDrive\\Bureau\\git_pro\\KickOff\\components\\PlayerCard.js": {"path":"C:\\Users\\hanno\\OneDrive\\Bureau\\git_pro\\KickOff\\components\\PlayerCard.js","statementMap":{"0":{"start":{"line":5,"column":19},"end":{"line":20,"column":1}},"1":{"start":{"line":6,"column":2},"end":{"line":19,"column":4}},"2":{"start":{"line":22,"column":15},"end":{"line":86,"column":4}}},"fnMap":{"0":{"name":"(anonymous_0)","decl":{"start":{"line":5,"column":19},"end":{"line":5,"column":20}},"loc":{"start":{"line":5,"column":74},"end":{"line":20,"column":1}},"line":5}},"branchMap":{},"s":{"0":1,"1":0,"2":1},"f":{"0":0},"b":{},"_coverageSchema":"1a1c01bbd47fc00a2c39e90264f33305004495a9","hash":"9560ed785eb703952b5647e92d3dc73c8dee0b55"}
,"C:\\Users\\hanno\\OneDrive\\Bureau\\git_pro\\KickOff\\components\\TeamCard.js": {"path":"C:\\Users\\hanno\\OneDrive\\Bureau\\git_pro\\KickOff\\components\\TeamCard.js","statementMap":{"0":{"start":{"line":13,"column":17},"end":{"line":75,"column":1}},"1":{"start":{"line":14,"column":19},"end":{"line":14,"column":32}},"2":{"start":{"line":15,"column":26},"end":{"line":15,"column":50}},"3":{"start":{"line":16,"column":19},"end":{"line":16,"column":58}},"4":{"start":{"line":16,"column":42},"end":{"line":16,"column":57}},"5":{"start":{"line":18,"column":24},"end":{"line":26,"column":3}},"6":{"start":{"line":19,"column":4},"end":{"line":25,"column":5}},"7":{"start":{"line":20,"column":6},"end":{"line":20,"column":35}},"8":{"start":{"line":21,"column":6},"end":{"line":21,"column":22}},"9":{"start":{"line":23,"column":6},"end":{"line":23,"column":41}},"10":{"start":{"line":24,"column":6},"end":{"line":24,"column":30}},"11":{"start":{"line":28,"column":2},"end":{"line":31,"column":24}},"12":{"start":{"line":29,"column":23},"end":{"line":29,"column":68}},"13":{"start":{"line":29,"column":47},"end":{"line":29,"column":67}},"14":{"start":{"line":30,"column":4},"end":{"line":30,"column":50}},"15":{"start":{"line":33,"column":15},"end":{"line":33,"column":74}},"16":{"start":{"line":33,"column":23},"end":{"line":33,"column":74}},"17":{"start":{"line":35,"column":15},"end":{"line":35,"column":82}},"18":{"start":{"line":36,"column":24},"end":{"line":36,"column":78}},"19":{"start":{"line":38,"column":2},"end":{"line":74,"column":4}},"20":{"start":{"line":77,"column":15},"end":{"line":157,"column":2}}},"fnMap":{"0":{"name":"(anonymous_0)","decl":{"start":{"line":13,"column":17},"end":{"line":13,"column":18}},"loc":{"start":{"line":13,"column":45},"end":{"line":75,"column":1}},"line":13},"1":{"name":"(anonymous_1)","decl":{"start":{"line":16,"column":31},"end":{"line":16,"column":32}},"loc":{"start":{"line":16,"column":42},"end":{"line":16,"column":57}},"line":16},"2":{"name":"(anonymous_2)","decl":{"start":{"line":18,"column":24},"end":{"line":18,"column":25}},"loc":{"start":{"line":18,"column":30},"end":{"line":26,"column":3}},"line":18},"3":{"name":"(anonymous_3)","decl":{"start":{"line":28,"column":12},"end":{"line":28,"column":13}},"loc":{"start":{"line":28,"column":18},"end":{"line":31,"column":3}},"line":28},"4":{"name":"(anonymous_4)","decl":{"start":{"line":29,"column":37},"end":{"line":29,"column":38}},"loc":{"start":{"line":29,"column":47},"end":{"line":29,"column":67}},"line":29},"5":{"name":"(anonymous_5)","decl":{"start":{"line":33,"column":15},"end":{"line":33,"column":16}},"loc":{"start":{"line":33,"column":23},"end":{"line":33,"column":74}},"line":33}},"branchMap":{"0":{"loc":{"start":{"line":19,"column":4},"end":{"line":25,"column":5}},"type":"if","locations":[{"start":{"line":19,"column":4},"end":{"line":25,"column":5}},{"start":{"line":22,"column":11},"end":{"line":25,"column":5}}],"line":19},"1":{"loc":{"start":{"line":30,"column":12},"end":{"line":30,"column":48}},"type":"cond-expr","locations":[{"start":{"line":30,"column":25},"end":{"line":30,"column":31}},{"start":{"line":30,"column":34},"end":{"line":30,"column":48}}],"line":30},"2":{"loc":{"start":{"line":35,"column":15},"end":{"line":35,"column":82}},"type":"cond-expr","locations":[{"start":{"line":35,"column":38},"end":{"line":35,"column":75}},{"start":{"line":35,"column":78},"end":{"line":35,"column":82}}],"line":35},"3":{"loc":{"start":{"line":36,"column":24},"end":{"line":36,"column":78}},"type":"cond-expr","locations":[{"start":{"line":36,"column":31},"end":{"line":36,"column":66}},{"start":{"line":36,"column":69},"end":{"line":36,"column":78}}],"line":36}},"s":{"0":2,"1":0,"2":0,"3":0,"4":0,"5":0,"6":0,"7":0,"8":0,"9":0,"10":0,"11":0,"12":0,"13":0,"14":0,"15":0,"16":0,"17":0,"18":0,"19":0,"20":2},"f":{"0":0,"1":0,"2":0,"3":0,"4":0,"5":0},"b":{"0":[0,0],"1":[0,0],"2":[0,0],"3":[0,0]},"_coverageSchema":"1a1c01bbd47fc00a2c39e90264f33305004495a9","hash":"d2965225daaf5f3c33b861da05c5f5e551a57646"}
,"C:\\Users\\hanno\\OneDrive\\Bureau\\git_pro\\KickOff\\redux\\action.js": {"path":"C:\\Users\\hanno\\OneDrive\\Bureau\\git_pro\\KickOff\\redux\\action.js","statementMap":{"0":{"start":{"line":1,"column":28},"end":{"line":6,"column":1}},"1":{"start":{"line":2,"column":4},"end":{"line":5,"column":6}},"2":{"start":{"line":8,"column":35},"end":{"line":12,"column":1}},"3":{"start":{"line":9,"column":4},"end":{"line":11,"column":6}},"4":{"start":{"line":14,"column":35},"end":{"line":19,"column":1}},"5":{"start":{"line":15,"column":4},"end":{"line":18,"column":6}},"6":{"start":{"line":21,"column":33},"end":{"line":26,"column":1}},"7":{"start":{"line":22,"column":4},"end":{"line":25,"column":6}},"8":{"start":{"line":28,"column":40},"end":{"line":32,"column":1}},"9":{"start":{"line":29,"column":4},"end":{"line":31,"column":6}},"10":{"start":{"line":34,"column":40},"end":{"line":39,"column":1}},"11":{"start":{"line":35,"column":4},"end":{"line":38,"column":6}},"12":{"start":{"line":41,"column":28},"end":{"line":46,"column":1}},"13":{"start":{"line":42,"column":4},"end":{"line":45,"column":6}},"14":{"start":{"line":48,"column":35},"end":{"line":52,"column":1}},"15":{"start":{"line":49,"column":4},"end":{"line":51,"column":6}},"16":{"start":{"line":54,"column":35},"end":{"line":59,"column":1}},"17":{"start":{"line":55,"column":4},"end":{"line":58,"column":6}},"18":{"start":{"line":61,"column":27},"end":{"line":66,"column":1}},"19":{"start":{"line":62,"column":4},"end":{"line":65,"column":6}},"20":{"start":{"line":68,"column":30},"end":{"line":73,"column":1}},"21":{"start":{"line":69,"column":4},"end":{"line":72,"column":6}},"22":{"start":{"line":74,"column":32},"end":{"line":79,"column":1}},"23":{"start":{"line":75,"column":4},"end":{"line":78,"column":6}},"24":{"start":{"line":81,"column":39},"end":{"line":85,"column":1}},"25":{"start":{"line":82,"column":4},"end":{"line":84,"column":6}},"26":{"start":{"line":87,"column":39},"end":{"line":92,"column":1}},"27":{"start":{"line":88,"column":4},"end":{"line":91,"column":6}}},"fnMap":{"0":{"name":"(anonymous_0)","decl":{"start":{"line":1,"column":28},"end":{"line":1,"column":29}},"loc":{"start":{"line":1,"column":41},"end":{"line":6,"column":1}},"line":1},"1":{"name":"(anonymous_1)","decl":{"start":{"line":8,"column":35},"end":{"line":8,"column":36}},"loc":{"start":{"line":8,"column":41},"end":{"line":12,"column":1}},"line":8},"2":{"name":"(anonymous_2)","decl":{"start":{"line":14,"column":35},"end":{"line":14,"column":36}},"loc":{"start":{"line":14,"column":46},"end":{"line":19,"column":1}},"line":14},"3":{"name":"(anonymous_3)","decl":{"start":{"line":21,"column":33},"end":{"line":21,"column":34}},"loc":{"start":{"line":21,"column":51},"end":{"line":26,"column":1}},"line":21},"4":{"name":"(anonymous_4)","decl":{"start":{"line":28,"column":40},"end":{"line":28,"column":41}},"loc":{"start":{"line":28,"column":46},"end":{"line":32,"column":1}},"line":28},"5":{"name":"(anonymous_5)","decl":{"start":{"line":34,"column":40},"end":{"line":34,"column":41}},"loc":{"start":{"line":34,"column":51},"end":{"line":39,"column":1}},"line":34},"6":{"name":"(anonymous_6)","decl":{"start":{"line":41,"column":28},"end":{"line":41,"column":29}},"loc":{"start":{"line":41,"column":41},"end":{"line":46,"column":1}},"line":41},"7":{"name":"(anonymous_7)","decl":{"start":{"line":48,"column":35},"end":{"line":48,"column":36}},"loc":{"start":{"line":48,"column":41},"end":{"line":52,"column":1}},"line":48},"8":{"name":"(anonymous_8)","decl":{"start":{"line":54,"column":35},"end":{"line":54,"column":36}},"loc":{"start":{"line":54,"column":46},"end":{"line":59,"column":1}},"line":54},"9":{"name":"(anonymous_9)","decl":{"start":{"line":61,"column":27},"end":{"line":61,"column":28}},"loc":{"start":{"line":61,"column":41},"end":{"line":66,"column":1}},"line":61},"10":{"name":"(anonymous_10)","decl":{"start":{"line":68,"column":30},"end":{"line":68,"column":31}},"loc":{"start":{"line":68,"column":38},"end":{"line":73,"column":1}},"line":68},"11":{"name":"(anonymous_11)","decl":{"start":{"line":74,"column":32},"end":{"line":74,"column":33}},"loc":{"start":{"line":74,"column":45},"end":{"line":79,"column":1}},"line":74},"12":{"name":"(anonymous_12)","decl":{"start":{"line":81,"column":39},"end":{"line":81,"column":40}},"loc":{"start":{"line":81,"column":45},"end":{"line":85,"column":1}},"line":81},"13":{"name":"(anonymous_13)","decl":{"start":{"line":87,"column":39},"end":{"line":87,"column":40}},"loc":{"start":{"line":87,"column":50},"end":{"line":92,"column":1}},"line":87}},"branchMap":{},"s":{"0":2,"1":0,"2":2,"3":1,"4":2,"5":0,"6":2,"7":0,"8":2,"9":0,"10":2,"11":0,"12":2,"13":0,"14":2,"15":0,"16":2,"17":0,"18":2,"19":0,"20":2,"21":0,"22":2,"23":0,"24":2,"25":0,"26":2,"27":0},"f":{"0":0,"1":1,"2":0,"3":0,"4":0,"5":0,"6":0,"7":0,"8":0,"9":0,"10":0,"11":0,"12":0,"13":0},"b":{},"_coverageSchema":"1a1c01bbd47fc00a2c39e90264f33305004495a9","hash":"c6ed6b379d7aa6cac845aa364ca218fbf01be9ab"}
,"C:\\Users\\hanno\\OneDrive\\Bureau\\git_pro\\KickOff\\redux\\reducer.js": {"path":"C:\\Users\\hanno\\OneDrive\\Bureau\\git_pro\\KickOff\\redux\\reducer.js","statementMap":{"0":{"start":{"line":5,"column":21},"end":{"line":15,"column":1}},"1":{"start":{"line":17,"column":20},"end":{"line":108,"column":1}},"2":{"start":{"line":18,"column":4},"end":{"line":107,"column":5}},"3":{"start":{"line":20,"column":12},"end":{"line":25,"column":13}},"4":{"start":{"line":27,"column":12},"end":{"line":32,"column":13}},"5":{"start":{"line":35,"column":12},"end":{"line":39,"column":13}},"6":{"start":{"line":41,"column":12},"end":{"line":45,"column":13}},"7":{"start":{"line":47,"column":12},"end":{"line":51,"column":13}},"8":{"start":{"line":53,"column":12},"end":{"line":57,"column":13}},"9":{"start":{"line":59,"column":12},"end":{"line":63,"column":13}},"10":{"start":{"line":65,"column":12},"end":{"line":68,"column":13}},"11":{"start":{"line":70,"column":12},"end":{"line":74,"column":13}},"12":{"start":{"line":76,"column":12},"end":{"line":80,"column":13}},"13":{"start":{"line":82,"column":12},"end":{"line":85,"column":13}},"14":{"start":{"line":87,"column":12},"end":{"line":91,"column":13}},"15":{"start":{"line":93,"column":12},"end":{"line":95,"column":13}},"16":{"start":{"line":94,"column":16},"end":{"line":94,"column":29}},"17":{"start":{"line":96,"column":12},"end":{"line":99,"column":13}},"18":{"start":{"line":101,"column":16},"end":{"line":104,"column":17}},"19":{"start":{"line":103,"column":64},"end":{"line":103,"column":90}},"20":{"start":{"line":106,"column":12},"end":{"line":106,"column":25}}},"fnMap":{"0":{"name":"(anonymous_0)","decl":{"start":{"line":17,"column":20},"end":{"line":17,"column":21}},"loc":{"start":{"line":17,"column":54},"end":{"line":108,"column":1}},"line":17},"1":{"name":"(anonymous_1)","decl":{"start":{"line":103,"column":54},"end":{"line":103,"column":55}},"loc":{"start":{"line":103,"column":64},"end":{"line":103,"column":90}},"line":103}},"branchMap":{"0":{"loc":{"start":{"line":17,"column":21},"end":{"line":17,"column":41}},"type":"default-arg","locations":[{"start":{"line":17,"column":29},"end":{"line":17,"column":41}}],"line":17},"1":{"loc":{"start":{"line":18,"column":4},"end":{"line":107,"column":5}},"type":"switch","locations":[{"start":{"line":19,"column":8},"end":{"line":25,"column":13}},{"start":{"line":26,"column":8},"end":{"line":32,"column":13}},{"start":{"line":33,"column":8},"end":{"line":39,"column":13}},{"start":{"line":40,"column":8},"end":{"line":45,"column":13}},{"start":{"line":46,"column":8},"end":{"line":51,"column":13}},{"start":{"line":52,"column":8},"end":{"line":57,"column":13}},{"start":{"line":58,"column":8},"end":{"line":63,"column":13}},{"start":{"line":64,"column":8},"end":{"line":68,"column":13}},{"start":{"line":69,"column":8},"end":{"line":74,"column":13}},{"start":{"line":75,"column":8},"end":{"line":80,"column":13}},{"start":{"line":81,"column":8},"end":{"line":85,"column":13}},{"start":{"line":86,"column":8},"end":{"line":91,"column":13}},{"start":{"line":92,"column":8},"end":{"line":99,"column":13}},{"start":{"line":100,"column":8},"end":{"line":104,"column":17}},{"start":{"line":105,"column":8},"end":{"line":106,"column":25}}],"line":18},"2":{"loc":{"start":{"line":93,"column":12},"end":{"line":95,"column":13}},"type":"if","locations":[{"start":{"line":93,"column":12},"end":{"line":95,"column":13}},{"start":{},"end":{}}],"line":93}},"s":{"0":1,"1":1,"2":2,"3":0,"4":0,"5":0,"6":0,"7":1,"8":0,"9":0,"10":0,"11":0,"12":0,"13":0,"14":0,"15":0,"16":0,"17":0,"18":0,"19":0,"20":1},"f":{"0":2,"1":0},"b":{"0":[1],"1":[0,0,0,0,1,0,0,0,0,0,0,0,0,0,1],"2":[0,0]},"_coverageSchema":"1a1c01bbd47fc00a2c39e90264f33305004495a9","hash":"5d3445548959cdc37ba63728ed19829b4c68dfc8"}
,"C:\\Users\\hanno\\OneDrive\\Bureau\\git_pro\\KickOff\\redux\\store.js": {"path":"C:\\Users\\hanno\\OneDrive\\Bureau\\git_pro\\KickOff\\redux\\store.js","statementMap":{"0":{"start":{"line":5,"column":14},"end":{"line":5,"column":61}}},"fnMap":{},"branchMap":{},"s":{"0":1},"f":{},"b":{},"_coverageSchema":"1a1c01bbd47fc00a2c39e90264f33305004495a9","hash":"29ab60979c83b498ebad5f3450b9c1dcd217ba87"}
,"C:\\Users\\hanno\\OneDrive\\Bureau\\git_pro\\KickOff\\redux\\thunks\\dataThunks.js": {"path":"C:\\Users\\hanno\\OneDrive\\Bureau\\git_pro\\KickOff\\redux\\thunks\\dataThunks.js","statementMap":{"0":{"start":{"line":6,"column":33},"end":{"line":14,"column":1}},"1":{"start":{"line":6,"column":43},"end":{"line":14,"column":1}},"2":{"start":{"line":7,"column":4},"end":{"line":13,"column":5}},"3":{"start":{"line":8,"column":8},"end":{"line":8,"column":40}},"4":{"start":{"line":9,"column":25},"end":{"line":9,"column":81}},"5":{"start":{"line":10,"column":8},"end":{"line":10,"column":46}},"6":{"start":{"line":12,"column":8},"end":{"line":12,"column":45}},"7":{"start":{"line":16,"column":35},"end":{"line":24,"column":1}},"8":{"start":{"line":16,"column":41},"end":{"line":24,"column":1}},"9":{"start":{"line":17,"column":4},"end":{"line":23,"column":5}},"10":{"start":{"line":18,"column":8},"end":{"line":18,"column":44}},"11":{"start":{"line":19,"column":25},"end":{"line":19,"column":68}},"12":{"start":{"line":20,"column":8},"end":{"line":20,"column":50}},"13":{"start":{"line":22,"column":8},"end":{"line":22,"column":49}},"14":{"start":{"line":26,"column":38},"end":{"line":36,"column":1}},"15":{"start":{"line":26,"column":46},"end":{"line":36,"column":1}},"16":{"start":{"line":27,"column":4},"end":{"line":35,"column":5}},"17":{"start":{"line":28,"column":8},"end":{"line":28,"column":45}},"18":{"start":{"line":29,"column":25},"end":{"line":29,"column":54}},"19":{"start":{"line":30,"column":26},"end":{"line":30,"column":64}},"20":{"start":{"line":31,"column":8},"end":{"line":31,"column":65}},"21":{"start":{"line":32,"column":8},"end":{"line":32,"column":51}},"22":{"start":{"line":34,"column":8},"end":{"line":34,"column":50}},"23":{"start":{"line":38,"column":33},"end":{"line":46,"column":1}},"24":{"start":{"line":38,"column":39},"end":{"line":46,"column":1}},"25":{"start":{"line":39,"column":4},"end":{"line":45,"column":5}},"26":{"start":{"line":40,"column":8},"end":{"line":40,"column":38}},"27":{"start":{"line":41,"column":25},"end":{"line":41,"column":46}},"28":{"start":{"line":42,"column":8},"end":{"line":42,"column":46}},"29":{"start":{"line":44,"column":8},"end":{"line":44,"column":45}}},"fnMap":{"0":{"name":"(anonymous_0)","decl":{"start":{"line":6,"column":33},"end":{"line":6,"column":34}},"loc":{"start":{"line":6,"column":43},"end":{"line":14,"column":1}},"line":6},"1":{"name":"(anonymous_1)","decl":{"start":{"line":6,"column":43},"end":{"line":6,"column":44}},"loc":{"start":{"line":6,"column":63},"end":{"line":14,"column":1}},"line":6},"2":{"name":"(anonymous_2)","decl":{"start":{"line":16,"column":35},"end":{"line":16,"column":36}},"loc":{"start":{"line":16,"column":41},"end":{"line":24,"column":1}},"line":16},"3":{"name":"(anonymous_3)","decl":{"start":{"line":16,"column":41},"end":{"line":16,"column":42}},"loc":{"start":{"line":16,"column":61},"end":{"line":24,"column":1}},"line":16},"4":{"name":"(anonymous_4)","decl":{"start":{"line":26,"column":38},"end":{"line":26,"column":39}},"loc":{"start":{"line":26,"column":46},"end":{"line":36,"column":1}},"line":26},"5":{"name":"(anonymous_5)","decl":{"start":{"line":26,"column":46},"end":{"line":26,"column":47}},"loc":{"start":{"line":26,"column":66},"end":{"line":36,"column":1}},"line":26},"6":{"name":"(anonymous_6)","decl":{"start":{"line":38,"column":33},"end":{"line":38,"column":34}},"loc":{"start":{"line":38,"column":39},"end":{"line":46,"column":1}},"line":38},"7":{"name":"(anonymous_7)","decl":{"start":{"line":38,"column":39},"end":{"line":38,"column":40}},"loc":{"start":{"line":38,"column":59},"end":{"line":46,"column":1}},"line":38}},"branchMap":{},"s":{"0":2,"1":1,"2":1,"3":1,"4":1,"5":0,"6":0,"7":2,"8":0,"9":0,"10":0,"11":0,"12":0,"13":0,"14":2,"15":0,"16":0,"17":0,"18":0,"19":0,"20":0,"21":0,"22":0,"23":2,"24":0,"25":0,"26":0,"27":0,"28":0,"29":0},"f":{"0":1,"1":1,"2":0,"3":0,"4":0,"5":0,"6":0,"7":0},"b":{},"_coverageSchema":"1a1c01bbd47fc00a2c39e90264f33305004495a9","hash":"4d30671cc217dfbe9e2402d76ffc909361dedc8d"}
,"C:\\Users\\hanno\\OneDrive\\Bureau\\git_pro\\KickOff\\routes\\Drawer.js": {"path":"C:\\Users\\hanno\\OneDrive\\Bureau\\git_pro\\KickOff\\routes\\Drawer.js","statementMap":{"0":{"start":{"line":7,"column":15},"end":{"line":7,"column":38}},"1":{"start":{"line":10,"column":4},"end":{"line":27,"column":6}},"2":{"start":{"line":16,"column":30},"end":{"line":16,"column":68}},"3":{"start":{"line":23,"column":30},"end":{"line":23,"column":66}}},"fnMap":{"0":{"name":"DrawerNavigator","decl":{"start":{"line":9,"column":24},"end":{"line":9,"column":39}},"loc":{"start":{"line":9,"column":42},"end":{"line":28,"column":5}},"line":9},"1":{"name":"(anonymous_1)","decl":{"start":{"line":16,"column":24},"end":{"line":16,"column":25}},"loc":{"start":{"line":16,"column":30},"end":{"line":16,"column":68}},"line":16},"2":{"name":"(anonymous_2)","decl":{"start":{"line":23,"column":24},"end":{"line":23,"column":25}},"loc":{"start":{"line":23,"column":30},"end":{"line":23,"column":66}},"line":23}},"branchMap":{},"s":{"0":1,"1":0,"2":0,"3":0},"f":{"0":0,"1":0,"2":0},"b":{},"_coverageSchema":"1a1c01bbd47fc00a2c39e90264f33305004495a9","hash":"81f9b5afba0a6ffabafcbc5433f551d3d663fd10"}
,"C:\\Users\\hanno\\OneDrive\\Bureau\\git_pro\\KickOff\\routes\\FavoriteStack.js": {"path":"C:\\Users\\hanno\\OneDrive\\Bureau\\git_pro\\KickOff\\routes\\FavoriteStack.js","statementMap":{"0":{"start":{"line":6,"column":18},"end":{"line":6,"column":40}},"1":{"start":{"line":8,"column":4},"end":{"line":12,"column":6}}},"fnMap":{"0":{"name":"FavoriteStack","decl":{"start":{"line":5,"column":24},"end":{"line":5,"column":37}},"loc":{"start":{"line":5,"column":40},"end":{"line":13,"column":1}},"line":5}},"branchMap":{},"s":{"0":0,"1":0},"f":{"0":0},"b":{},"_coverageSchema":"1a1c01bbd47fc00a2c39e90264f33305004495a9","hash":"7fdb10b2b984e1d7229649ac3f642a1d8b9ab5eb"}
,"C:\\Users\\hanno\\OneDrive\\Bureau\\git_pro\\KickOff\\routes\\JoueursStack.js": {"path":"C:\\Users\\hanno\\OneDrive\\Bureau\\git_pro\\KickOff\\routes\\JoueursStack.js","statementMap":{"0":{"start":{"line":7,"column":18},"end":{"line":7,"column":40}},"1":{"start":{"line":9,"column":4},"end":{"line":14,"column":6}}},"fnMap":{"0":{"name":"JoueursStack","decl":{"start":{"line":6,"column":24},"end":{"line":6,"column":36}},"loc":{"start":{"line":6,"column":39},"end":{"line":15,"column":1}},"line":6}},"branchMap":{},"s":{"0":0,"1":0},"f":{"0":0},"b":{},"_coverageSchema":"1a1c01bbd47fc00a2c39e90264f33305004495a9","hash":"cd82f0bf163d7ae77be33f3789d45b1965b361ec"}
,"C:\\Users\\hanno\\OneDrive\\Bureau\\git_pro\\KickOff\\routes\\MatchsStack.js": {"path":"C:\\Users\\hanno\\OneDrive\\Bureau\\git_pro\\KickOff\\routes\\MatchsStack.js","statementMap":{"0":{"start":{"line":7,"column":18},"end":{"line":7,"column":40}},"1":{"start":{"line":9,"column":4},"end":{"line":14,"column":6}}},"fnMap":{"0":{"name":"MatchsStack","decl":{"start":{"line":6,"column":24},"end":{"line":6,"column":35}},"loc":{"start":{"line":6,"column":38},"end":{"line":15,"column":1}},"line":6}},"branchMap":{},"s":{"0":1,"1":1},"f":{"0":1},"b":{},"_coverageSchema":"1a1c01bbd47fc00a2c39e90264f33305004495a9","hash":"3bd55b01e8eedab56e3998fe38a87804ca5ba447"}
,"C:\\Users\\hanno\\OneDrive\\Bureau\\git_pro\\KickOff\\routes\\NavPage.js": {"path":"C:\\Users\\hanno\\OneDrive\\Bureau\\git_pro\\KickOff\\routes\\NavPage.js","statementMap":{"0":{"start":{"line":7,"column":2},"end":{"line":11,"column":3}}},"fnMap":{"0":{"name":"NavPage","decl":{"start":{"line":6,"column":24},"end":{"line":6,"column":31}},"loc":{"start":{"line":6,"column":34},"end":{"line":12,"column":1}},"line":6}},"branchMap":{},"s":{"0":2},"f":{"0":2},"b":{},"_coverageSchema":"1a1c01bbd47fc00a2c39e90264f33305004495a9","hash":"d0ca6e6f4684d9340558831fab7d746edb7d0500"}
,"C:\\Users\\hanno\\OneDrive\\Bureau\\git_pro\\KickOff\\routes\\Tabs.js": {"path":"C:\\Users\\hanno\\OneDrive\\Bureau\\git_pro\\KickOff\\routes\\Tabs.js","statementMap":{"0":{"start":{"line":10,"column":15},"end":{"line":10,"column":23}},"1":{"start":{"line":11,"column":16},"end":{"line":11,"column":25}},"2":{"start":{"line":12,"column":21},"end":{"line":12,"column":31}},"3":{"start":{"line":14,"column":12},"end":{"line":14,"column":38}},"4":{"start":{"line":19,"column":4},"end":{"line":55,"column":6}},"5":{"start":{"line":22,"column":39},"end":{"line":45,"column":11}},"6":{"start":{"line":25,"column":25},"end":{"line":25,"column":35}},"7":{"start":{"line":27,"column":16},"end":{"line":35,"column":17}},"8":{"start":{"line":28,"column":20},"end":{"line":28,"column":73}},"9":{"start":{"line":31,"column":23},"end":{"line":35,"column":17}},"10":{"start":{"line":32,"column":20},"end":{"line":32,"column":69}},"11":{"start":{"line":33,"column":23},"end":{"line":35,"column":17}},"12":{"start":{"line":34,"column":20},"end":{"line":34,"column":65}},"13":{"start":{"line":36,"column":16},"end":{"line":36,"column":74}}},"fnMap":{"0":{"name":"MainContainer","decl":{"start":{"line":17,"column":9},"end":{"line":17,"column":22}},"loc":{"start":{"line":17,"column":25},"end":{"line":56,"column":3}},"line":17},"1":{"name":"(anonymous_1)","decl":{"start":{"line":22,"column":23},"end":{"line":22,"column":24}},"loc":{"start":{"line":22,"column":39},"end":{"line":45,"column":11}},"line":22},"2":{"name":"(anonymous_2)","decl":{"start":{"line":23,"column":24},"end":{"line":23,"column":25}},"loc":{"start":{"line":23,"column":54},"end":{"line":37,"column":13}},"line":23}},"branchMap":{"0":{"loc":{"start":{"line":27,"column":16},"end":{"line":35,"column":17}},"type":"if","locations":[{"start":{"line":27,"column":16},"end":{"line":35,"column":17}},{"start":{"line":31,"column":23},"end":{"line":35,"column":17}}],"line":27},"1":{"loc":{"start":{"line":28,"column":31},"end":{"line":28,"column":72}},"type":"cond-expr","locations":[{"start":{"line":28,"column":41},"end":{"line":28,"column":51}},{"start":{"line":28,"column":54},"end":{"line":28,"column":72}}],"line":28},"2":{"loc":{"start":{"line":31,"column":23},"end":{"line":35,"column":17}},"type":"if","locations":[{"start":{"line":31,"column":23},"end":{"line":35,"column":17}},{"start":{"line":33,"column":23},"end":{"line":35,"column":17}}],"line":31},"3":{"loc":{"start":{"line":32,"column":31},"end":{"line":32,"column":68}},"type":"cond-expr","locations":[{"start":{"line":32,"column":41},"end":{"line":32,"column":49}},{"start":{"line":32,"column":52},"end":{"line":32,"column":68}}],"line":32},"4":{"loc":{"start":{"line":33,"column":23},"end":{"line":35,"column":17}},"type":"if","locations":[{"start":{"line":33,"column":23},"end":{"line":35,"column":17}},{"start":{},"end":{}}],"line":33},"5":{"loc":{"start":{"line":34,"column":31},"end":{"line":34,"column":64}},"type":"cond-expr","locations":[{"start":{"line":34,"column":41},"end":{"line":34,"column":47}},{"start":{"line":34,"column":50},"end":{"line":34,"column":64}}],"line":34}},"s":{"0":1,"1":1,"2":1,"3":1,"4":2,"5":3,"6":6,"7":6,"8":2,"9":4,"10":2,"11":2,"12":2,"13":6},"f":{"0":2,"1":3,"2":6},"b":{"0":[2,4],"1":[1,1],"2":[2,2],"3":[1,1],"4":[2,0],"5":[1,1]},"_coverageSchema":"1a1c01bbd47fc00a2c39e90264f33305004495a9","hash":"98d46d5e6f12eb4d812558c19a66f76dcf9fbbfb"}
,"C:\\Users\\hanno\\OneDrive\\Bureau\\git_pro\\KickOff\\screens\\Favorite.js": {"path":"C:\\Users\\hanno\\OneDrive\\Bureau\\git_pro\\KickOff\\screens\\Favorite.js","statementMap":{"0":{"start":{"line":7,"column":17},"end":{"line":30,"column":1}},"1":{"start":{"line":8,"column":18},"end":{"line":8,"column":55}},"2":{"start":{"line":8,"column":39},"end":{"line":8,"column":54}},"3":{"start":{"line":11,"column":2},"end":{"line":29,"column":4}},"4":{"start":{"line":16,"column":39},"end":{"line":16,"column":55}},"5":{"start":{"line":18,"column":10},"end":{"line":25,"column":12}},"6":{"start":{"line":21,"column":12},"end":{"line":23,"column":14}},"7":{"start":{"line":32,"column":15},"end":{"line":67,"column":2}}},"fnMap":{"0":{"name":"(anonymous_0)","decl":{"start":{"line":7,"column":17},"end":{"line":7,"column":18}},"loc":{"start":{"line":7,"column":37},"end":{"line":30,"column":1}},"line":7},"1":{"name":"(anonymous_1)","decl":{"start":{"line":8,"column":30},"end":{"line":8,"column":31}},"loc":{"start":{"line":8,"column":39},"end":{"line":8,"column":54}},"line":8},"2":{"name":"(anonymous_2)","decl":{"start":{"line":16,"column":22},"end":{"line":16,"column":23}},"loc":{"start":{"line":16,"column":39},"end":{"line":16,"column":55}},"line":16},"3":{"name":"(anonymous_3)","decl":{"start":{"line":17,"column":20},"end":{"line":17,"column":21}},"loc":{"start":{"line":18,"column":10},"end":{"line":25,"column":12}},"line":18},"4":{"name":"(anonymous_4)","decl":{"start":{"line":20,"column":23},"end":{"line":20,"column":24}},"loc":{"start":{"line":21,"column":12},"end":{"line":23,"column":14}},"line":21}},"branchMap":{},"s":{"0":1,"1":0,"2":0,"3":0,"4":0,"5":0,"6":0,"7":1},"f":{"0":0,"1":0,"2":0,"3":0,"4":0},"b":{},"_coverageSchema":"1a1c01bbd47fc00a2c39e90264f33305004495a9","hash":"ca208895b914a907264d50bb80acffc44ebe25aa"}
,"C:\\Users\\hanno\\OneDrive\\Bureau\\git_pro\\KickOff\\screens\\JoueurDetails.js": {"path":"C:\\Users\\hanno\\OneDrive\\Bureau\\git_pro\\KickOff\\screens\\JoueurDetails.js","statementMap":{"0":{"start":{"line":7,"column":22},"end":{"line":60,"column":1}},"1":{"start":{"line":8,"column":17},"end":{"line":8,"column":34}},"2":{"start":{"line":10,"column":2},"end":{"line":59,"column":4}},"3":{"start":{"line":12,"column":67},"end":{"line":12,"column":86}},"4":{"start":{"line":63,"column":15},"end":{"line":121,"column":2}}},"fnMap":{"0":{"name":"(anonymous_0)","decl":{"start":{"line":7,"column":22},"end":{"line":7,"column":23}},"loc":{"start":{"line":7,"column":49},"end":{"line":60,"column":1}},"line":7},"1":{"name":"(anonymous_1)","decl":{"start":{"line":12,"column":61},"end":{"line":12,"column":62}},"loc":{"start":{"line":12,"column":67},"end":{"line":12,"column":86}},"line":12}},"branchMap":{},"s":{"0":1,"1":0,"2":0,"3":0,"4":1},"f":{"0":0,"1":0},"b":{},"_coverageSchema":"1a1c01bbd47fc00a2c39e90264f33305004495a9","hash":"35fd87b83cb5e46b54e30f3e85cf06d0e490b127"}
,"C:\\Users\\hanno\\OneDrive\\Bureau\\git_pro\\KickOff\\screens\\Joueurs.js": {"path":"C:\\Users\\hanno\\OneDrive\\Bureau\\git_pro\\KickOff\\screens\\Joueurs.js","statementMap":{"0":{"start":{"line":11,"column":16},"end":{"line":39,"column":1}},"1":{"start":{"line":12,"column":19},"end":{"line":12,"column":32}},"2":{"start":{"line":13,"column":18},"end":{"line":13,"column":55}},"3":{"start":{"line":13,"column":41},"end":{"line":13,"column":54}},"4":{"start":{"line":14,"column":2},"end":{"line":16,"column":17}},"5":{"start":{"line":15,"column":4},"end":{"line":15,"column":34}},"6":{"start":{"line":17,"column":2},"end":{"line":38,"column":4}},"7":{"start":{"line":22,"column":39},"end":{"line":22,"column":55}},"8":{"start":{"line":24,"column":10},"end":{"line":34,"column":12}},"9":{"start":{"line":30,"column":14},"end":{"line":32,"column":16}},"10":{"start":{"line":40,"column":15},"end":{"line":104,"column":2}}},"fnMap":{"0":{"name":"(anonymous_0)","decl":{"start":{"line":11,"column":16},"end":{"line":11,"column":17}},"loc":{"start":{"line":11,"column":36},"end":{"line":39,"column":1}},"line":11},"1":{"name":"(anonymous_1)","decl":{"start":{"line":13,"column":30},"end":{"line":13,"column":31}},"loc":{"start":{"line":13,"column":41},"end":{"line":13,"column":54}},"line":13},"2":{"name":"(anonymous_2)","decl":{"start":{"line":14,"column":12},"end":{"line":14,"column":13}},"loc":{"start":{"line":14,"column":18},"end":{"line":16,"column":3}},"line":14},"3":{"name":"(anonymous_3)","decl":{"start":{"line":22,"column":22},"end":{"line":22,"column":23}},"loc":{"start":{"line":22,"column":39},"end":{"line":22,"column":55}},"line":22},"4":{"name":"(anonymous_4)","decl":{"start":{"line":23,"column":20},"end":{"line":23,"column":21}},"loc":{"start":{"line":24,"column":10},"end":{"line":34,"column":12}},"line":24},"5":{"name":"(anonymous_5)","decl":{"start":{"line":29,"column":25},"end":{"line":29,"column":26}},"loc":{"start":{"line":30,"column":14},"end":{"line":32,"column":16}},"line":30}},"branchMap":{},"s":{"0":1,"1":0,"2":0,"3":0,"4":0,"5":0,"6":0,"7":0,"8":0,"9":0,"10":1},"f":{"0":0,"1":0,"2":0,"3":0,"4":0,"5":0},"b":{},"_coverageSchema":"1a1c01bbd47fc00a2c39e90264f33305004495a9","hash":"5be366c17cdbef2893ee78d41364dfed4893c447"}
,"C:\\Users\\hanno\\OneDrive\\Bureau\\git_pro\\KickOff\\screens\\MatchDetails.js": {"path":"C:\\Users\\hanno\\OneDrive\\Bureau\\git_pro\\KickOff\\screens\\MatchDetails.js","statementMap":{"0":{"start":{"line":9,"column":21},"end":{"line":84,"column":1}},"1":{"start":{"line":10,"column":19},"end":{"line":10,"column":32}},"2":{"start":{"line":11,"column":17},"end":{"line":11,"column":29}},"3":{"start":{"line":12,"column":15},"end":{"line":12,"column":74}},"4":{"start":{"line":12,"column":23},"end":{"line":12,"column":74}},"5":{"start":{"line":13,"column":23},"end":{"line":13,"column":71}},"6":{"start":{"line":13,"column":46},"end":{"line":13,"column":70}},"7":{"start":{"line":14,"column":18},"end":{"line":14,"column":55}},"8":{"start":{"line":14,"column":41},"end":{"line":14,"column":54}},"9":{"start":{"line":16,"column":2},"end":{"line":18,"column":17}},"10":{"start":{"line":17,"column":4},"end":{"line":17,"column":41}},"11":{"start":{"line":20,"column":24},"end":{"line":22,"column":81}},"12":{"start":{"line":25,"column":5},"end":{"line":82,"column":5}},"13":{"start":{"line":26,"column":6},"end":{"line":26,"column":37}},"14":{"start":{"line":28,"column":6},"end":{"line":81,"column":4}},"15":{"start":{"line":30,"column":67},"end":{"line":30,"column":86}},"16":{"start":{"line":50,"column":40},"end":{"line":50,"column":108}},"17":{"start":{"line":52,"column":20},"end":{"line":73,"column":27}},"18":{"start":{"line":86,"column":15},"end":{"line":160,"column":2}}},"fnMap":{"0":{"name":"(anonymous_0)","decl":{"start":{"line":9,"column":21},"end":{"line":9,"column":22}},"loc":{"start":{"line":9,"column":48},"end":{"line":84,"column":1}},"line":9},"1":{"name":"(anonymous_1)","decl":{"start":{"line":12,"column":15},"end":{"line":12,"column":16}},"loc":{"start":{"line":12,"column":23},"end":{"line":12,"column":74}},"line":12},"2":{"name":"(anonymous_2)","decl":{"start":{"line":13,"column":35},"end":{"line":13,"column":36}},"loc":{"start":{"line":13,"column":46},"end":{"line":13,"column":70}},"line":13},"3":{"name":"(anonymous_3)","decl":{"start":{"line":14,"column":30},"end":{"line":14,"column":31}},"loc":{"start":{"line":14,"column":41},"end":{"line":14,"column":54}},"line":14},"4":{"name":"(anonymous_4)","decl":{"start":{"line":16,"column":12},"end":{"line":16,"column":13}},"loc":{"start":{"line":16,"column":18},"end":{"line":18,"column":3}},"line":16},"5":{"name":"(anonymous_5)","decl":{"start":{"line":30,"column":61},"end":{"line":30,"column":62}},"loc":{"start":{"line":30,"column":67},"end":{"line":30,"column":86}},"line":30},"6":{"name":"(anonymous_6)","decl":{"start":{"line":50,"column":26},"end":{"line":50,"column":27}},"loc":{"start":{"line":50,"column":40},"end":{"line":50,"column":108}},"line":50},"7":{"name":"(anonymous_7)","decl":{"start":{"line":51,"column":23},"end":{"line":51,"column":24}},"loc":{"start":{"line":52,"column":20},"end":{"line":73,"column":27}},"line":52}},"branchMap":{"0":{"loc":{"start":{"line":20,"column":24},"end":{"line":22,"column":81}},"type":"cond-expr","locations":[{"start":{"line":21,"column":6},"end":{"line":21,"column":13}},{"start":{"line":22,"column":6},"end":{"line":22,"column":81}}],"line":20},"1":{"loc":{"start":{"line":25,"column":5},"end":{"line":82,"column":5}},"type":"if","locations":[{"start":{"line":25,"column":5},"end":{"line":82,"column":5}},{"start":{"line":27,"column":9},"end":{"line":82,"column":5}}],"line":25},"2":{"loc":{"start":{"line":33,"column":7},"end":{"line":79,"column":7}},"type":"binary-expr","locations":[{"start":{"line":33,"column":7},"end":{"line":33,"column":19}},{"start":{"line":34,"column":8},"end":{"line":78,"column":15}}],"line":33},"3":{"loc":{"start":{"line":47,"column":13},"end":{"line":76,"column":13}},"type":"binary-expr","locations":[{"start":{"line":47,"column":13},"end":{"line":47,"column":45}},{"start":{"line":48,"column":14},"end":{"line":75,"column":17}}],"line":47},"4":{"loc":{"start":{"line":50,"column":40},"end":{"line":50,"column":108}},"type":"binary-expr","locations":[{"start":{"line":50,"column":40},"end":{"line":50,"column":72}},{"start":{"line":50,"column":76},"end":{"line":50,"column":108}}],"line":50},"5":{"loc":{"start":{"line":53,"column":23},"end":{"line":72,"column":23}},"type":"cond-expr","locations":[{"start":{"line":54,"column":24},"end":{"line":61,"column":31}},{"start":{"line":63,"column":24},"end":{"line":71,"column":31}}],"line":53},"6":{"loc":{"start":{"line":55,"column":27},"end":{"line":59,"column":27}},"type":"cond-expr","locations":[{"start":{"line":56,"column":28},"end":{"line":56,"column":84}},{"start":{"line":58,"column":28},"end":{"line":58,"column":116}}],"line":55},"7":{"loc":{"start":{"line":64,"column":27},"end":{"line":69,"column":27}},"type":"cond-expr","locations":[{"start":{"line":65,"column":28},"end":{"line":65,"column":84}},{"start":{"line":68,"column":28},"end":{"line":68,"column":116}}],"line":64}},"s":{"0":1,"1":0,"2":0,"3":0,"4":0,"5":0,"6":0,"7":0,"8":0,"9":0,"10":0,"11":0,"12":0,"13":0,"14":0,"15":0,"16":0,"17":0,"18":1},"f":{"0":0,"1":0,"2":0,"3":0,"4":0,"5":0,"6":0,"7":0},"b":{"0":[0,0],"1":[0,0],"2":[0,0],"3":[0,0],"4":[0,0],"5":[0,0],"6":[0,0],"7":[0,0]},"_coverageSchema":"1a1c01bbd47fc00a2c39e90264f33305004495a9","hash":"fbbf4793328dbd9967942348ce5a626eb5f18634"}
,"C:\\Users\\hanno\\OneDrive\\Bureau\\git_pro\\KickOff\\screens\\Matchs.js": {"path":"C:\\Users\\hanno\\OneDrive\\Bureau\\git_pro\\KickOff\\screens\\Matchs.js","statementMap":{"0":{"start":{"line":9,"column":15},"end":{"line":77,"column":1}},"1":{"start":{"line":10,"column":19},"end":{"line":10,"column":32}},"2":{"start":{"line":13,"column":18},"end":{"line":13,"column":53}},"3":{"start":{"line":13,"column":39},"end":{"line":13,"column":52}},"4":{"start":{"line":14,"column":18},"end":{"line":14,"column":53}},"5":{"start":{"line":14,"column":39},"end":{"line":14,"column":52}},"6":{"start":{"line":16,"column":46},"end":{"line":16,"column":61}},"7":{"start":{"line":17,"column":2},"end":{"line":23,"column":33}},"8":{"start":{"line":18,"column":4},"end":{"line":22,"column":5}},"9":{"start":{"line":19,"column":6},"end":{"line":19,"column":48}},"10":{"start":{"line":20,"column":10},"end":{"line":22,"column":5}},"11":{"start":{"line":21,"column":6},"end":{"line":21,"column":44}},"12":{"start":{"line":26,"column":18},"end":{"line":26,"column":33}},"13":{"start":{"line":28,"column":2},"end":{"line":76,"column":4}},"14":{"start":{"line":38,"column":40},"end":{"line":38,"column":68}},"15":{"start":{"line":41,"column":12},"end":{"line":41,"column":70}},"16":{"start":{"line":63,"column":39},"end":{"line":63,"column":55}},"17":{"start":{"line":65,"column":10},"end":{"line":72,"column":12}},"18":{"start":{"line":68,"column":12},"end":{"line":70,"column":14}},"19":{"start":{"line":79,"column":15},"end":{"line":114,"column":2}}},"fnMap":{"0":{"name":"(anonymous_0)","decl":{"start":{"line":9,"column":15},"end":{"line":9,"column":16}},"loc":{"start":{"line":9,"column":35},"end":{"line":77,"column":1}},"line":9},"1":{"name":"(anonymous_1)","decl":{"start":{"line":13,"column":30},"end":{"line":13,"column":31}},"loc":{"start":{"line":13,"column":39},"end":{"line":13,"column":52}},"line":13},"2":{"name":"(anonymous_2)","decl":{"start":{"line":14,"column":30},"end":{"line":14,"column":31}},"loc":{"start":{"line":14,"column":39},"end":{"line":14,"column":52}},"line":14},"3":{"name":"(anonymous_3)","decl":{"start":{"line":17,"column":12},"end":{"line":17,"column":13}},"loc":{"start":{"line":17,"column":18},"end":{"line":23,"column":3}},"line":17},"4":{"name":"(anonymous_4)","decl":{"start":{"line":38,"column":25},"end":{"line":38,"column":26}},"loc":{"start":{"line":38,"column":40},"end":{"line":38,"column":68}},"line":38},"5":{"name":"(anonymous_5)","decl":{"start":{"line":40,"column":23},"end":{"line":40,"column":24}},"loc":{"start":{"line":41,"column":12},"end":{"line":41,"column":70}},"line":41},"6":{"name":"(anonymous_6)","decl":{"start":{"line":63,"column":22},"end":{"line":63,"column":23}},"loc":{"start":{"line":63,"column":39},"end":{"line":63,"column":55}},"line":63},"7":{"name":"(anonymous_7)","decl":{"start":{"line":64,"column":20},"end":{"line":64,"column":21}},"loc":{"start":{"line":65,"column":10},"end":{"line":72,"column":12}},"line":65},"8":{"name":"(anonymous_8)","decl":{"start":{"line":67,"column":23},"end":{"line":67,"column":24}},"loc":{"start":{"line":68,"column":12},"end":{"line":70,"column":14}},"line":68}},"branchMap":{"0":{"loc":{"start":{"line":18,"column":4},"end":{"line":22,"column":5}},"type":"if","locations":[{"start":{"line":18,"column":4},"end":{"line":22,"column":5}},{"start":{"line":20,"column":10},"end":{"line":22,"column":5}}],"line":18},"1":{"loc":{"start":{"line":20,"column":10},"end":{"line":22,"column":5}},"type":"if","locations":[{"start":{"line":20,"column":10},"end":{"line":22,"column":5}},{"start":{},"end":{}}],"line":20},"2":{"loc":{"start":{"line":47,"column":7},"end":{"line":59,"column":7}},"type":"cond-expr","locations":[{"start":{"line":48,"column":8},"end":{"line":48,"column":31}},{"start":{"line":50,"column":8},"end":{"line":58,"column":11}}],"line":47},"3":{"loc":{"start":{"line":52,"column":11},"end":{"line":52,"column":56}},"type":"binary-expr","locations":[{"start":{"line":52,"column":11},"end":{"line":52,"column":24}},{"start":{"line":52,"column":28},"end":{"line":52,"column":56}}],"line":52},"4":{"loc":{"start":{"line":54,"column":11},"end":{"line":54,"column":64}},"type":"binary-expr","locations":[{"start":{"line":54,"column":11},"end":{"line":54,"column":31}},{"start":{"line":54,"column":35},"end":{"line":54,"column":64}}],"line":54}},"s":{"0":2,"1":2,"2":2,"3":4,"4":2,"5":4,"6":2,"7":2,"8":1,"9":1,"10":0,"11":0,"12":2,"13":2,"14":0,"15":4,"16":0,"17":0,"18":0,"19":2},"f":{"0":2,"1":4,"2":4,"3":1,"4":0,"5":4,"6":0,"7":0,"8":0},"b":{"0":[1,0],"1":[0,0],"2":[1,1],"3":[1,0],"4":[1,1]},"_coverageSchema":"1a1c01bbd47fc00a2c39e90264f33305004495a9","hash":"a0f5e98077536ecbc0d07ba1deef40508ddd97f8"}
,"C:\\Users\\hanno\\OneDrive\\Bureau\\git_pro\\KickOff\\styles\\Colors.js": {"path":"C:\\Users\\hanno\\OneDrive\\Bureau\\git_pro\\KickOff\\styles\\Colors.js","statementMap":{},"fnMap":{},"branchMap":{},"s":{},"f":{},"b":{},"_coverageSchema":"1a1c01bbd47fc00a2c39e90264f33305004495a9","hash":"1ce4f16f06e6304a97f7425cbda7bc58544fe49d"}
}
