{"C:\\Users\\hanno\\OneDrive\\Bureau\\shopease\\App.js": {"path":"C:\\Users\\hanno\\OneDrive\\Bureau\\shopease\\App.js","statementMap":{"0":{"start":{"line":8,"column":2},"end":{"line":14,"column":4}},"1":{"start":{"line":17,"column":15},"end":{"line":27,"column":2}}},"fnMap":{"0":{"name":"App","decl":{"start":{"line":7,"column":24},"end":{"line":7,"column":27}},"loc":{"start":{"line":7,"column":30},"end":{"line":15,"column":1}},"line":7}},"branchMap":{},"s":{"0":1,"1":1},"f":{"0":1},"b":{},"_coverageSchema":"1a1c01bbd47fc00a2c39e90264f33305004495a9","hash":"9e9b427284ab95372c30fb0558c04899188a2035"}
,"C:\\Users\\hanno\\OneDrive\\Bureau\\shopease\\.expo\\metro\\polyfill.js": {"path":"C:\\Users\\hanno\\OneDrive\\Bureau\\shopease\\.expo\\metro\\polyfill.js","statementMap":{"0":{"start":{"line":1,"column":0},"end":{"line":1,"column":81}},"1":{"start":{"line":1,"column":76},"end":{"line":1,"column":80}}},"fnMap":{"0":{"name":"(anonymous_0)","decl":{"start":{"line":1,"column":70},"end":{"line":1,"column":71}},"loc":{"start":{"line":1,"column":76},"end":{"line":1,"column":80}},"line":1}},"branchMap":{"0":{"loc":{"start":{"line":1,"column":28},"end":{"line":1,"column":80}},"type":"cond-expr","locations":[{"start":{"line":1,"column":60},"end":{"line":1,"column":67}},{"start":{"line":1,"column":70},"end":{"line":1,"column":80}}],"line":1}},"s":{"0":0,"1":0},"f":{"0":0},"b":{"0":[0,0]}}
,"C:\\Users\\hanno\\OneDrive\\Bureau\\shopease\\.expo\\metro\\polyfill.native.js": {"path":"C:\\Users\\hanno\\OneDrive\\Bureau\\shopease\\.expo\\metro\\polyfill.native.js","statementMap":{"0":{"start":{"line":1,"column":0},"end":{"line":1,"column":155}},"1":{"start":{"line":1,"column":43},"end":{"line":1,"column":154}}},"fnMap":{"0":{"name":"(anonymous_0)","decl":{"start":{"line":1,"column":28},"end":{"line":1,"column":29}},"loc":{"start":{"line":1,"column":42},"end":{"line":1,"column":155}},"line":1}},"branchMap":{},"s":{"0":0,"1":0},"f":{"0":0},"b":{}}
,"C:\\Users\\hanno\\OneDrive\\Bureau\\shopease\\.expo\\metro\\externals\\assert\\index.js": {"path":"C:\\Users\\hanno\\OneDrive\\Bureau\\shopease\\.expo\\metro\\externals\\assert\\index.js","statementMap":{"0":{"start":{"line":1,"column":0},"end":{"line":1,"column":51}}},"fnMap":{},"branchMap":{},"s":{"0":0},"f":{},"b":{}}
,"C:\\Users\\hanno\\OneDrive\\Bureau\\shopease\\.expo\\metro\\externals\\async_hooks\\index.js": {"path":"C:\\Users\\hanno\\OneDrive\\Bureau\\shopease\\.expo\\metro\\externals\\async_hooks\\index.js","statementMap":{"0":{"start":{"line":1,"column":0},"end":{"line":1,"column":56}}},"fnMap":{},"branchMap":{},"s":{"0":0},"f":{},"b":{}}
,"C:\\Users\\hanno\\OneDrive\\Bureau\\shopease\\.expo\\metro\\externals\\buffer\\index.js": {"path":"C:\\Users\\hanno\\OneDrive\\Bureau\\shopease\\.expo\\metro\\externals\\buffer\\index.js","statementMap":{"0":{"start":{"line":1,"column":0},"end":{"line":1,"column":51}}},"fnMap":{},"branchMap":{},"s":{"0":0},"f":{},"b":{}}
,"C:\\Users\\hanno\\OneDrive\\Bureau\\shopease\\.expo\\metro\\externals\\child_process\\index.js": {"path":"C:\\Users\\hanno\\OneDrive\\Bureau\\shopease\\.expo\\metro\\externals\\child_process\\index.js","statementMap":{"0":{"start":{"line":1,"column":0},"end":{"line":1,"column":58}}},"fnMap":{},"branchMap":{},"s":{"0":0},"f":{},"b":{}}
,"C:\\Users\\hanno\\OneDrive\\Bureau\\shopease\\.expo\\metro\\externals\\cluster\\index.js": {"path":"C:\\Users\\hanno\\OneDrive\\Bureau\\shopease\\.expo\\metro\\externals\\cluster\\index.js","statementMap":{"0":{"start":{"line":1,"column":0},"end":{"line":1,"column":52}}},"fnMap":{},"branchMap":{},"s":{"0":0},"f":{},"b":{}}
,"C:\\Users\\hanno\\OneDrive\\Bureau\\shopease\\.expo\\metro\\externals\\console\\index.js": {"path":"C:\\Users\\hanno\\OneDrive\\Bureau\\shopease\\.expo\\metro\\externals\\console\\index.js","statementMap":{"0":{"start":{"line":1,"column":0},"end":{"line":1,"column":52}}},"fnMap":{},"branchMap":{},"s":{"0":0},"f":{},"b":{}}
,"C:\\Users\\hanno\\OneDrive\\Bureau\\shopease\\.expo\\metro\\externals\\constants\\index.js": {"path":"C:\\Users\\hanno\\OneDrive\\Bureau\\shopease\\.expo\\metro\\externals\\constants\\index.js","statementMap":{"0":{"start":{"line":1,"column":0},"end":{"line":1,"column":54}}},"fnMap":{},"branchMap":{},"s":{"0":0},"f":{},"b":{}}
,"C:\\Users\\hanno\\OneDrive\\Bureau\\shopease\\.expo\\metro\\externals\\crypto\\index.js": {"path":"C:\\Users\\hanno\\OneDrive\\Bureau\\shopease\\.expo\\metro\\externals\\crypto\\index.js","statementMap":{"0":{"start":{"line":1,"column":0},"end":{"line":1,"column":51}}},"fnMap":{},"branchMap":{},"s":{"0":0},"f":{},"b":{}}
,"C:\\Users\\hanno\\OneDrive\\Bureau\\shopease\\.expo\\metro\\externals\\dgram\\index.js": {"path":"C:\\Users\\hanno\\OneDrive\\Bureau\\shopease\\.expo\\metro\\externals\\dgram\\index.js","statementMap":{"0":{"start":{"line":1,"column":0},"end":{"line":1,"column":50}}},"fnMap":{},"branchMap":{},"s":{"0":0},"f":{},"b":{}}
,"C:\\Users\\hanno\\OneDrive\\Bureau\\shopease\\.expo\\metro\\externals\\diagnostics_channel\\index.js": {"path":"C:\\Users\\hanno\\OneDrive\\Bureau\\shopease\\.expo\\metro\\externals\\diagnostics_channel\\index.js","statementMap":{"0":{"start":{"line":1,"column":0},"end":{"line":1,"column":64}}},"fnMap":{},"branchMap":{},"s":{"0":0},"f":{},"b":{}}
,"C:\\Users\\hanno\\OneDrive\\Bureau\\shopease\\.expo\\metro\\externals\\dns\\index.js": {"path":"C:\\Users\\hanno\\OneDrive\\Bureau\\shopease\\.expo\\metro\\externals\\dns\\index.js","statementMap":{"0":{"start":{"line":1,"column":0},"end":{"line":1,"column":48}}},"fnMap":{},"branchMap":{},"s":{"0":0},"f":{},"b":{}}
,"C:\\Users\\hanno\\OneDrive\\Bureau\\shopease\\.expo\\metro\\externals\\domain\\index.js": {"path":"C:\\Users\\hanno\\OneDrive\\Bureau\\shopease\\.expo\\metro\\externals\\domain\\index.js","statementMap":{"0":{"start":{"line":1,"column":0},"end":{"line":1,"column":51}}},"fnMap":{},"branchMap":{},"s":{"0":0},"f":{},"b":{}}
,"C:\\Users\\hanno\\OneDrive\\Bureau\\shopease\\.expo\\metro\\externals\\events\\index.js": {"path":"C:\\Users\\hanno\\OneDrive\\Bureau\\shopease\\.expo\\metro\\externals\\events\\index.js","statementMap":{"0":{"start":{"line":1,"column":0},"end":{"line":1,"column":51}}},"fnMap":{},"branchMap":{},"s":{"0":0},"f":{},"b":{}}
,"C:\\Users\\hanno\\OneDrive\\Bureau\\shopease\\.expo\\metro\\externals\\fs\\index.js": {"path":"C:\\Users\\hanno\\OneDrive\\Bureau\\shopease\\.expo\\metro\\externals\\fs\\index.js","statementMap":{"0":{"start":{"line":1,"column":0},"end":{"line":1,"column":47}}},"fnMap":{},"branchMap":{},"s":{"0":0},"f":{},"b":{}}
,"C:\\Users\\hanno\\OneDrive\\Bureau\\shopease\\.expo\\metro\\externals\\fs\\promises\\index.js": {"path":"C:\\Users\\hanno\\OneDrive\\Bureau\\shopease\\.expo\\metro\\externals\\fs\\promises\\index.js","statementMap":{"0":{"start":{"line":1,"column":0},"end":{"line":1,"column":56}}},"fnMap":{},"branchMap":{},"s":{"0":0},"f":{},"b":{}}
,"C:\\Users\\hanno\\OneDrive\\Bureau\\shopease\\.expo\\metro\\externals\\http\\index.js": {"path":"C:\\Users\\hanno\\OneDrive\\Bureau\\shopease\\.expo\\metro\\externals\\http\\index.js","statementMap":{"0":{"start":{"line":1,"column":0},"end":{"line":1,"column":49}}},"fnMap":{},"branchMap":{},"s":{"0":0},"f":{},"b":{}}
,"C:\\Users\\hanno\\OneDrive\\Bureau\\shopease\\.expo\\metro\\externals\\http2\\index.js": {"path":"C:\\Users\\hanno\\OneDrive\\Bureau\\shopease\\.expo\\metro\\externals\\http2\\index.js","statementMap":{"0":{"start":{"line":1,"column":0},"end":{"line":1,"column":50}}},"fnMap":{},"branchMap":{},"s":{"0":0},"f":{},"b":{}}
,"C:\\Users\\hanno\\OneDrive\\Bureau\\shopease\\.expo\\metro\\externals\\https\\index.js": {"path":"C:\\Users\\hanno\\OneDrive\\Bureau\\shopease\\.expo\\metro\\externals\\https\\index.js","statementMap":{"0":{"start":{"line":1,"column":0},"end":{"line":1,"column":50}}},"fnMap":{},"branchMap":{},"s":{"0":0},"f":{},"b":{}}
,"C:\\Users\\hanno\\OneDrive\\Bureau\\shopease\\.expo\\metro\\externals\\inspector\\index.js": {"path":"C:\\Users\\hanno\\OneDrive\\Bureau\\shopease\\.expo\\metro\\externals\\inspector\\index.js","statementMap":{"0":{"start":{"line":1,"column":0},"end":{"line":1,"column":54}}},"fnMap":{},"branchMap":{},"s":{"0":0},"f":{},"b":{}}
,"C:\\Users\\hanno\\OneDrive\\Bureau\\shopease\\.expo\\metro\\externals\\module\\index.js": {"path":"C:\\Users\\hanno\\OneDrive\\Bureau\\shopease\\.expo\\metro\\externals\\module\\index.js","statementMap":{"0":{"start":{"line":1,"column":0},"end":{"line":1,"column":51}}},"fnMap":{},"branchMap":{},"s":{"0":0},"f":{},"b":{}}
,"C:\\Users\\hanno\\OneDrive\\Bureau\\shopease\\.expo\\metro\\externals\\net\\index.js": {"path":"C:\\Users\\hanno\\OneDrive\\Bureau\\shopease\\.expo\\metro\\externals\\net\\index.js","statementMap":{"0":{"start":{"line":1,"column":0},"end":{"line":1,"column":48}}},"fnMap":{},"branchMap":{},"s":{"0":0},"f":{},"b":{}}
,"C:\\Users\\hanno\\OneDrive\\Bureau\\shopease\\.expo\\metro\\externals\\os\\index.js": {"path":"C:\\Users\\hanno\\OneDrive\\Bureau\\shopease\\.expo\\metro\\externals\\os\\index.js","statementMap":{"0":{"start":{"line":1,"column":0},"end":{"line":1,"column":47}}},"fnMap":{},"branchMap":{},"s":{"0":0},"f":{},"b":{}}
,"C:\\Users\\hanno\\OneDrive\\Bureau\\shopease\\.expo\\metro\\externals\\path\\index.js": {"path":"C:\\Users\\hanno\\OneDrive\\Bureau\\shopease\\.expo\\metro\\externals\\path\\index.js","statementMap":{"0":{"start":{"line":1,"column":0},"end":{"line":1,"column":49}}},"fnMap":{},"branchMap":{},"s":{"0":0},"f":{},"b":{}}
,"C:\\Users\\hanno\\OneDrive\\Bureau\\shopease\\.expo\\metro\\externals\\perf_hooks\\index.js": {"path":"C:\\Users\\hanno\\OneDrive\\Bureau\\shopease\\.expo\\metro\\externals\\perf_hooks\\index.js","statementMap":{"0":{"start":{"line":1,"column":0},"end":{"line":1,"column":55}}},"fnMap":{},"branchMap":{},"s":{"0":0},"f":{},"b":{}}
,"C:\\Users\\hanno\\OneDrive\\Bureau\\shopease\\.expo\\metro\\externals\\process\\index.js": {"path":"C:\\Users\\hanno\\OneDrive\\Bureau\\shopease\\.expo\\metro\\externals\\process\\index.js","statementMap":{"0":{"start":{"line":1,"column":0},"end":{"line":1,"column":52}}},"fnMap":{},"branchMap":{},"s":{"0":0},"f":{},"b":{}}
,"C:\\Users\\hanno\\OneDrive\\Bureau\\shopease\\.expo\\metro\\externals\\punycode\\index.js": {"path":"C:\\Users\\hanno\\OneDrive\\Bureau\\shopease\\.expo\\metro\\externals\\punycode\\index.js","statementMap":{"0":{"start":{"line":1,"column":0},"end":{"line":1,"column":53}}},"fnMap":{},"branchMap":{},"s":{"0":0},"f":{},"b":{}}
,"C:\\Users\\hanno\\OneDrive\\Bureau\\shopease\\.expo\\metro\\externals\\querystring\\index.js": {"path":"C:\\Users\\hanno\\OneDrive\\Bureau\\shopease\\.expo\\metro\\externals\\querystring\\index.js","statementMap":{"0":{"start":{"line":1,"column":0},"end":{"line":1,"column":56}}},"fnMap":{},"branchMap":{},"s":{"0":0},"f":{},"b":{}}
,"C:\\Users\\hanno\\OneDrive\\Bureau\\shopease\\.expo\\metro\\externals\\readline\\index.js": {"path":"C:\\Users\\hanno\\OneDrive\\Bureau\\shopease\\.expo\\metro\\externals\\readline\\index.js","statementMap":{"0":{"start":{"line":1,"column":0},"end":{"line":1,"column":53}}},"fnMap":{},"branchMap":{},"s":{"0":0},"f":{},"b":{}}
,"C:\\Users\\hanno\\OneDrive\\Bureau\\shopease\\.expo\\metro\\externals\\repl\\index.js": {"path":"C:\\Users\\hanno\\OneDrive\\Bureau\\shopease\\.expo\\metro\\externals\\repl\\index.js","statementMap":{"0":{"start":{"line":1,"column":0},"end":{"line":1,"column":49}}},"fnMap":{},"branchMap":{},"s":{"0":0},"f":{},"b":{}}
,"C:\\Users\\hanno\\OneDrive\\Bureau\\shopease\\.expo\\metro\\externals\\stream\\index.js": {"path":"C:\\Users\\hanno\\OneDrive\\Bureau\\shopease\\.expo\\metro\\externals\\stream\\index.js","statementMap":{"0":{"start":{"line":1,"column":0},"end":{"line":1,"column":51}}},"fnMap":{},"branchMap":{},"s":{"0":0},"f":{},"b":{}}
,"C:\\Users\\hanno\\OneDrive\\Bureau\\shopease\\.expo\\metro\\externals\\string_decoder\\index.js": {"path":"C:\\Users\\hanno\\OneDrive\\Bureau\\shopease\\.expo\\metro\\externals\\string_decoder\\index.js","statementMap":{"0":{"start":{"line":1,"column":0},"end":{"line":1,"column":59}}},"fnMap":{},"branchMap":{},"s":{"0":0},"f":{},"b":{}}
,"C:\\Users\\hanno\\OneDrive\\Bureau\\shopease\\.expo\\metro\\externals\\timers\\index.js": {"path":"C:\\Users\\hanno\\OneDrive\\Bureau\\shopease\\.expo\\metro\\externals\\timers\\index.js","statementMap":{"0":{"start":{"line":1,"column":0},"end":{"line":1,"column":51}}},"fnMap":{},"branchMap":{},"s":{"0":0},"f":{},"b":{}}
,"C:\\Users\\hanno\\OneDrive\\Bureau\\shopease\\.expo\\metro\\externals\\tls\\index.js": {"path":"C:\\Users\\hanno\\OneDrive\\Bureau\\shopease\\.expo\\metro\\externals\\tls\\index.js","statementMap":{"0":{"start":{"line":1,"column":0},"end":{"line":1,"column":48}}},"fnMap":{},"branchMap":{},"s":{"0":0},"f":{},"b":{}}
,"C:\\Users\\hanno\\OneDrive\\Bureau\\shopease\\.expo\\metro\\externals\\trace_events\\index.js": {"path":"C:\\Users\\hanno\\OneDrive\\Bureau\\shopease\\.expo\\metro\\externals\\trace_events\\index.js","statementMap":{"0":{"start":{"line":1,"column":0},"end":{"line":1,"column":57}}},"fnMap":{},"branchMap":{},"s":{"0":0},"f":{},"b":{}}
,"C:\\Users\\hanno\\OneDrive\\Bureau\\shopease\\.expo\\metro\\externals\\tty\\index.js": {"path":"C:\\Users\\hanno\\OneDrive\\Bureau\\shopease\\.expo\\metro\\externals\\tty\\index.js","statementMap":{"0":{"start":{"line":1,"column":0},"end":{"line":1,"column":48}}},"fnMap":{},"branchMap":{},"s":{"0":0},"f":{},"b":{}}
,"C:\\Users\\hanno\\OneDrive\\Bureau\\shopease\\.expo\\metro\\externals\\url\\index.js": {"path":"C:\\Users\\hanno\\OneDrive\\Bureau\\shopease\\.expo\\metro\\externals\\url\\index.js","statementMap":{"0":{"start":{"line":1,"column":0},"end":{"line":1,"column":48}}},"fnMap":{},"branchMap":{},"s":{"0":0},"f":{},"b":{}}
,"C:\\Users\\hanno\\OneDrive\\Bureau\\shopease\\.expo\\metro\\externals\\util\\index.js": {"path":"C:\\Users\\hanno\\OneDrive\\Bureau\\shopease\\.expo\\metro\\externals\\util\\index.js","statementMap":{"0":{"start":{"line":1,"column":0},"end":{"line":1,"column":49}}},"fnMap":{},"branchMap":{},"s":{"0":0},"f":{},"b":{}}
,"C:\\Users\\hanno\\OneDrive\\Bureau\\shopease\\.expo\\metro\\externals\\v8\\index.js": {"path":"C:\\Users\\hanno\\OneDrive\\Bureau\\shopease\\.expo\\metro\\externals\\v8\\index.js","statementMap":{"0":{"start":{"line":1,"column":0},"end":{"line":1,"column":47}}},"fnMap":{},"branchMap":{},"s":{"0":0},"f":{},"b":{}}
,"C:\\Users\\hanno\\OneDrive\\Bureau\\shopease\\.expo\\metro\\externals\\vm\\index.js": {"path":"C:\\Users\\hanno\\OneDrive\\Bureau\\shopease\\.expo\\metro\\externals\\vm\\index.js","statementMap":{"0":{"start":{"line":1,"column":0},"end":{"line":1,"column":47}}},"fnMap":{},"branchMap":{},"s":{"0":0},"f":{},"b":{}}
,"C:\\Users\\hanno\\OneDrive\\Bureau\\shopease\\.expo\\metro\\externals\\wasi\\index.js": {"path":"C:\\Users\\hanno\\OneDrive\\Bureau\\shopease\\.expo\\metro\\externals\\wasi\\index.js","statementMap":{"0":{"start":{"line":1,"column":0},"end":{"line":1,"column":49}}},"fnMap":{},"branchMap":{},"s":{"0":0},"f":{},"b":{}}
,"C:\\Users\\hanno\\OneDrive\\Bureau\\shopease\\.expo\\metro\\externals\\worker_threads\\index.js": {"path":"C:\\Users\\hanno\\OneDrive\\Bureau\\shopease\\.expo\\metro\\externals\\worker_threads\\index.js","statementMap":{"0":{"start":{"line":1,"column":0},"end":{"line":1,"column":59}}},"fnMap":{},"branchMap":{},"s":{"0":0},"f":{},"b":{}}
,"C:\\Users\\hanno\\OneDrive\\Bureau\\shopease\\.expo\\metro\\externals\\zlib\\index.js": {"path":"C:\\Users\\hanno\\OneDrive\\Bureau\\shopease\\.expo\\metro\\externals\\zlib\\index.js","statementMap":{"0":{"start":{"line":1,"column":0},"end":{"line":1,"column":49}}},"fnMap":{},"branchMap":{},"s":{"0":0},"f":{},"b":{}}
,"C:\\Users\\hanno\\OneDrive\\Bureau\\shopease\\.expo\\metro\\shims\\react-native-web\\dist\\cjs\\exports\\AppRegistry\\AppContainer.js": {"path":"C:\\Users\\hanno\\OneDrive\\Bureau\\shopease\\.expo\\metro\\shims\\react-native-web\\dist\\cjs\\exports\\AppRegistry\\AppContainer.js","statementMap":{"0":{"start":{"line":5,"column":2},"end":{"line":5,"column":18}},"1":{"start":{"line":8,"column":0},"end":{"line":10,"column":1}},"2":{"start":{"line":9,"column":2},"end":{"line":9,"column":44}},"3":{"start":{"line":12,"column":0},"end":{"line":12,"column":30}},"4":{"start":{"line":13,"column":0},"end":{"line":13,"column":38}}},"fnMap":{"0":{"name":"AppContainer","decl":{"start":{"line":4,"column":9},"end":{"line":4,"column":21}},"loc":{"start":{"line":4,"column":36},"end":{"line":6,"column":1}},"line":4}},"branchMap":{"0":{"loc":{"start":{"line":8,"column":0},"end":{"line":10,"column":1}},"type":"if","locations":[{"start":{"line":8,"column":0},"end":{"line":10,"column":1}},{"start":{},"end":{}}],"line":8}},"s":{"0":0,"1":0,"2":0,"3":0,"4":0},"f":{"0":0},"b":{"0":[0,0]}}
,"C:\\Users\\hanno\\OneDrive\\Bureau\\shopease\\.expo\\metro\\shims\\react-native-web\\dist\\cjs\\exports\\BackHandler\\index.js": {"path":"C:\\Users\\hanno\\OneDrive\\Bureau\\shopease\\.expo\\metro\\shims\\react-native-web\\dist\\cjs\\exports\\BackHandler\\index.js","statementMap":{"0":{"start":{"line":3,"column":0},"end":{"line":3,"column":54}},"1":{"start":{"line":4,"column":18},"end":{"line":8,"column":3}},"2":{"start":{"line":6,"column":29},"end":{"line":6,"column":54}},"3":{"start":{"line":9,"column":13},"end":{"line":9,"column":24}},"4":{"start":{"line":10,"column":0},"end":{"line":10,"column":65}}},"fnMap":{"0":{"name":"emptyFunction","decl":{"start":{"line":2,"column":9},"end":{"line":2,"column":22}},"loc":{"start":{"line":2,"column":25},"end":{"line":2,"column":27}},"line":2},"1":{"name":"(anonymous_1)","decl":{"start":{"line":6,"column":22},"end":{"line":6,"column":23}},"loc":{"start":{"line":6,"column":29},"end":{"line":6,"column":54}},"line":6}},"branchMap":{},"s":{"0":0,"1":0,"2":0,"3":0,"4":0},"f":{"0":0,"1":0},"b":{}}
,"C:\\Users\\hanno\\OneDrive\\Bureau\\shopease\\.expo\\metro\\shims\\react-native-web\\dist\\exports\\AppRegistry\\AppContainer.js": {"path":"C:\\Users\\hanno\\OneDrive\\Bureau\\shopease\\.expo\\metro\\shims\\react-native-web\\dist\\exports\\AppRegistry\\AppContainer.js","statementMap":{"0":{"start":{"line":5,"column":2},"end":{"line":5,"column":18}},"1":{"start":{"line":8,"column":0},"end":{"line":10,"column":1}},"2":{"start":{"line":9,"column":2},"end":{"line":9,"column":44}}},"fnMap":{"0":{"name":"AppContainer","decl":{"start":{"line":4,"column":9},"end":{"line":4,"column":21}},"loc":{"start":{"line":4,"column":36},"end":{"line":6,"column":1}},"line":4}},"branchMap":{"0":{"loc":{"start":{"line":8,"column":0},"end":{"line":10,"column":1}},"type":"if","locations":[{"start":{"line":8,"column":0},"end":{"line":10,"column":1}},{"start":{},"end":{}}],"line":8}},"s":{"0":0,"1":0,"2":0},"f":{"0":0},"b":{"0":[0,0]}}
,"C:\\Users\\hanno\\OneDrive\\Bureau\\shopease\\.expo\\metro\\shims\\react-native-web\\dist\\exports\\BackHandler\\index.js": {"path":"C:\\Users\\hanno\\OneDrive\\Bureau\\shopease\\.expo\\metro\\shims\\react-native-web\\dist\\exports\\BackHandler\\index.js","statementMap":{"0":{"start":{"line":2,"column":18},"end":{"line":6,"column":1}},"1":{"start":{"line":4,"column":27},"end":{"line":4,"column":52}}},"fnMap":{"0":{"name":"emptyFunction","decl":{"start":{"line":1,"column":9},"end":{"line":1,"column":22}},"loc":{"start":{"line":1,"column":25},"end":{"line":1,"column":27}},"line":1},"1":{"name":"(anonymous_1)","decl":{"start":{"line":4,"column":20},"end":{"line":4,"column":21}},"loc":{"start":{"line":4,"column":27},"end":{"line":4,"column":52}},"line":4}},"branchMap":{},"s":{"0":0,"1":0},"f":{"0":0,"1":0},"b":{}}
,"C:\\Users\\hanno\\OneDrive\\Bureau\\shopease\\components\\CourseInCart.js": {"path":"C:\\Users\\hanno\\OneDrive\\Bureau\\shopease\\components\\CourseInCart.js","statementMap":{"0":{"start":{"line":5,"column":21},"end":{"line":20,"column":1}},"1":{"start":{"line":6,"column":2},"end":{"line":19,"column":4}},"2":{"start":{"line":22,"column":15},"end":{"line":40,"column":4}}},"fnMap":{"0":{"name":"(anonymous_0)","decl":{"start":{"line":5,"column":21},"end":{"line":5,"column":22}},"loc":{"start":{"line":5,"column":53},"end":{"line":20,"column":1}},"line":5}},"branchMap":{},"s":{"0":1,"1":0,"2":1},"f":{"0":0},"b":{},"_coverageSchema":"1a1c01bbd47fc00a2c39e90264f33305004495a9","hash":"ff621e05ccc73925797dfb6b270cfbd246871da0"}
,"C:\\Users\\hanno\\OneDrive\\Bureau\\shopease\\components\\CourseItem.js": {"path":"C:\\Users\\hanno\\OneDrive\\Bureau\\shopease\\components\\CourseItem.js","statementMap":{"0":{"start":{"line":8,"column":19},"end":{"line":41,"column":1}},"1":{"start":{"line":9,"column":2},"end":{"line":40,"column":4}},"2":{"start":{"line":43,"column":15},"end":{"line":83,"column":2}}},"fnMap":{"0":{"name":"(anonymous_0)","decl":{"start":{"line":8,"column":19},"end":{"line":8,"column":20}},"loc":{"start":{"line":8,"column":83},"end":{"line":41,"column":1}},"line":8}},"branchMap":{},"s":{"0":2,"1":18,"2":2},"f":{"0":18},"b":{},"_coverageSchema":"1a1c01bbd47fc00a2c39e90264f33305004495a9","hash":"08ffc0641d5fff675658e9e3db9c50f9706e9778"}
,"C:\\Users\\hanno\\OneDrive\\Bureau\\shopease\\components\\CustomButton.js": {"path":"C:\\Users\\hanno\\OneDrive\\Bureau\\shopease\\components\\CustomButton.js","statementMap":{"0":{"start":{"line":4,"column":21},"end":{"line":12,"column":1}},"1":{"start":{"line":5,"column":2},"end":{"line":11,"column":4}},"2":{"start":{"line":14,"column":15},"end":{"line":24,"column":2}}},"fnMap":{"0":{"name":"(anonymous_0)","decl":{"start":{"line":4,"column":21},"end":{"line":4,"column":22}},"loc":{"start":{"line":4,"column":50},"end":{"line":12,"column":1}},"line":4}},"branchMap":{},"s":{"0":1,"1":0,"2":1},"f":{"0":0},"b":{},"_coverageSchema":"1a1c01bbd47fc00a2c39e90264f33305004495a9","hash":"d25db27f25d4a4b0033ac1b62b126ce5d8ba984c"}
,"C:\\Users\\hanno\\OneDrive\\Bureau\\shopease\\components\\Icons.js": {"path":"C:\\Users\\hanno\\OneDrive\\Bureau\\shopease\\components\\Icons.js","statementMap":{"0":{"start":{"line":4,"column":13},"end":{"line":10,"column":1}},"1":{"start":{"line":5,"column":2},"end":{"line":9,"column":4}}},"fnMap":{"0":{"name":"(anonymous_0)","decl":{"start":{"line":4,"column":13},"end":{"line":4,"column":14}},"loc":{"start":{"line":4,"column":49},"end":{"line":10,"column":1}},"line":4}},"branchMap":{},"s":{"0":2,"1":36},"f":{"0":36},"b":{},"_coverageSchema":"1a1c01bbd47fc00a2c39e90264f33305004495a9","hash":"bcf8b9a8fd751eee82e7985e8816b2b2192a3630"}
,"C:\\Users\\hanno\\OneDrive\\Bureau\\shopease\\data\\coursesData.js": {"path":"C:\\Users\\hanno\\OneDrive\\Bureau\\shopease\\data\\coursesData.js","statementMap":{"0":{"start":{"line":1,"column":16},"end":{"line":101,"column":3}}},"fnMap":{},"branchMap":{},"s":{"0":2},"f":{},"b":{},"_coverageSchema":"1a1c01bbd47fc00a2c39e90264f33305004495a9","hash":"84fbbd581124f79034564f56958ac8a42df451a8"}
,"C:\\Users\\hanno\\OneDrive\\Bureau\\shopease\\redux\\action.js": {"path":"C:\\Users\\hanno\\OneDrive\\Bureau\\shopease\\redux\\action.js","statementMap":{"0":{"start":{"line":1,"column":31},"end":{"line":6,"column":1}},"1":{"start":{"line":2,"column":4},"end":{"line":5,"column":6}},"2":{"start":{"line":8,"column":34},"end":{"line":13,"column":1}},"3":{"start":{"line":9,"column":4},"end":{"line":12,"column":6}},"4":{"start":{"line":15,"column":30},"end":{"line":20,"column":1}},"5":{"start":{"line":16,"column":4},"end":{"line":19,"column":5}}},"fnMap":{"0":{"name":"(anonymous_0)","decl":{"start":{"line":1,"column":31},"end":{"line":1,"column":32}},"loc":{"start":{"line":1,"column":43},"end":{"line":6,"column":1}},"line":1},"1":{"name":"(anonymous_1)","decl":{"start":{"line":8,"column":34},"end":{"line":8,"column":35}},"loc":{"start":{"line":8,"column":46},"end":{"line":13,"column":1}},"line":8},"2":{"name":"(anonymous_2)","decl":{"start":{"line":15,"column":30},"end":{"line":15,"column":31}},"loc":{"start":{"line":15,"column":48},"end":{"line":20,"column":1}},"line":15}},"branchMap":{},"s":{"0":2,"1":0,"2":2,"3":0,"4":2,"5":0},"f":{"0":0,"1":0,"2":0},"b":{},"_coverageSchema":"1a1c01bbd47fc00a2c39e90264f33305004495a9","hash":"c678317d17e7b2356756622e1e0908e9980daf5e"}
,"C:\\Users\\hanno\\OneDrive\\Bureau\\shopease\\redux\\reducer.js": {"path":"C:\\Users\\hanno\\OneDrive\\Bureau\\shopease\\redux\\reducer.js","statementMap":{"0":{"start":{"line":3,"column":21},"end":{"line":9,"column":1}},"1":{"start":{"line":11,"column":20},"end":{"line":60,"column":1}},"2":{"start":{"line":12,"column":4},"end":{"line":59,"column":5}},"3":{"start":{"line":14,"column":32},"end":{"line":14,"column":95}},"4":{"start":{"line":14,"column":63},"end":{"line":14,"column":94}},"5":{"start":{"line":16,"column":12},"end":{"line":29,"column":13}},"6":{"start":{"line":16,"column":64},"end":{"line":16,"column":96}},"7":{"start":{"line":17,"column":37},"end":{"line":19,"column":15}},"8":{"start":{"line":18,"column":16},"end":{"line":18,"column":88}},"9":{"start":{"line":21,"column":14},"end":{"line":26,"column":16}},"10":{"start":{"line":28,"column":14},"end":{"line":28,"column":27}},"11":{"start":{"line":31,"column":35},"end":{"line":33,"column":13}},"12":{"start":{"line":32,"column":16},"end":{"line":32,"column":89}},"13":{"start":{"line":35,"column":12},"end":{"line":40,"column":14}},"14":{"start":{"line":38,"column":52},"end":{"line":38,"column":83}},"15":{"start":{"line":42,"column":31},"end":{"line":42,"column":33}},"16":{"start":{"line":43,"column":34},"end":{"line":43,"column":65}},"17":{"start":{"line":44,"column":36},"end":{"line":48,"column":15}},"18":{"start":{"line":50,"column":14},"end":{"line":56,"column":16}},"19":{"start":{"line":58,"column":12},"end":{"line":58,"column":25}}},"fnMap":{"0":{"name":"(anonymous_0)","decl":{"start":{"line":11,"column":20},"end":{"line":11,"column":21}},"loc":{"start":{"line":11,"column":54},"end":{"line":60,"column":1}},"line":11},"1":{"name":"(anonymous_1)","decl":{"start":{"line":14,"column":51},"end":{"line":14,"column":52}},"loc":{"start":{"line":14,"column":63},"end":{"line":14,"column":94}},"line":14},"2":{"name":"(anonymous_2)","decl":{"start":{"line":16,"column":48},"end":{"line":16,"column":49}},"loc":{"start":{"line":16,"column":64},"end":{"line":16,"column":96}},"line":16},"3":{"name":"(anonymous_3)","decl":{"start":{"line":17,"column":55},"end":{"line":17,"column":56}},"loc":{"start":{"line":18,"column":16},"end":{"line":18,"column":88}},"line":18},"4":{"name":"(anonymous_4)","decl":{"start":{"line":31,"column":53},"end":{"line":31,"column":54}},"loc":{"start":{"line":32,"column":16},"end":{"line":32,"column":89}},"line":32},"5":{"name":"(anonymous_5)","decl":{"start":{"line":38,"column":40},"end":{"line":38,"column":41}},"loc":{"start":{"line":38,"column":52},"end":{"line":38,"column":83}},"line":38}},"branchMap":{"0":{"loc":{"start":{"line":11,"column":21},"end":{"line":11,"column":41}},"type":"default-arg","locations":[{"start":{"line":11,"column":29},"end":{"line":11,"column":41}}],"line":11},"1":{"loc":{"start":{"line":12,"column":4},"end":{"line":59,"column":5}},"type":"switch","locations":[{"start":{"line":13,"column":8},"end":{"line":29,"column":13}},{"start":{"line":30,"column":8},"end":{"line":40,"column":14}},{"start":{"line":41,"column":12},"end":{"line":56,"column":16}},{"start":{"line":57,"column":8},"end":{"line":58,"column":25}}],"line":12},"2":{"loc":{"start":{"line":16,"column":12},"end":{"line":29,"column":13}},"type":"if","locations":[{"start":{"line":16,"column":12},"end":{"line":29,"column":13}},{"start":{"line":27,"column":19},"end":{"line":29,"column":13}}],"line":16},"3":{"loc":{"start":{"line":16,"column":16},"end":{"line":16,"column":97}},"type":"binary-expr","locations":[{"start":{"line":16,"column":16},"end":{"line":16,"column":27}},{"start":{"line":16,"column":31},"end":{"line":16,"column":97}}],"line":16},"4":{"loc":{"start":{"line":18,"column":16},"end":{"line":18,"column":88}},"type":"cond-expr","locations":[{"start":{"line":18,"column":50},"end":{"line":18,"column":79}},{"start":{"line":18,"column":82},"end":{"line":18,"column":88}}],"line":18},"5":{"loc":{"start":{"line":32,"column":16},"end":{"line":32,"column":89}},"type":"cond-expr","locations":[{"start":{"line":32,"column":50},"end":{"line":32,"column":80}},{"start":{"line":32,"column":83},"end":{"line":32,"column":89}}],"line":32}},"s":{"0":1,"1":1,"2":1,"3":0,"4":0,"5":0,"6":0,"7":0,"8":0,"9":0,"10":0,"11":0,"12":0,"13":0,"14":0,"15":0,"16":0,"17":0,"18":0,"19":1},"f":{"0":1,"1":0,"2":0,"3":0,"4":0,"5":0},"b":{"0":[1],"1":[0,0,0,1],"2":[0,0],"3":[0,0],"4":[0,0],"5":[0,0]},"_coverageSchema":"1a1c01bbd47fc00a2c39e90264f33305004495a9","hash":"4e52cca5b4159dd2e408e094210d0880d01b75a2"}
,"C:\\Users\\hanno\\OneDrive\\Bureau\\shopease\\redux\\store.js": {"path":"C:\\Users\\hanno\\OneDrive\\Bureau\\shopease\\redux\\store.js","statementMap":{"0":{"start":{"line":4,"column":14},"end":{"line":4,"column":38}}},"fnMap":{},"branchMap":{},"s":{"0":1},"f":{},"b":{},"_coverageSchema":"1a1c01bbd47fc00a2c39e90264f33305004495a9","hash":"ce1bf2e38b4cce1eb397de638377923ed2356555"}
,"C:\\Users\\hanno\\OneDrive\\Bureau\\shopease\\routes\\CartStack.js": {"path":"C:\\Users\\hanno\\OneDrive\\Bureau\\shopease\\routes\\CartStack.js","statementMap":{"0":{"start":{"line":5,"column":14},"end":{"line":5,"column":36}},"1":{"start":{"line":8,"column":4},"end":{"line":12,"column":6}}},"fnMap":{"0":{"name":"CartStack","decl":{"start":{"line":7,"column":24},"end":{"line":7,"column":33}},"loc":{"start":{"line":7,"column":36},"end":{"line":13,"column":5}},"line":7}},"branchMap":{},"s":{"0":1,"1":0},"f":{"0":0},"b":{},"_coverageSchema":"1a1c01bbd47fc00a2c39e90264f33305004495a9","hash":"bcc435a939c6c0c81e26c6d992cb63ad32b212f1"}
,"C:\\Users\\hanno\\OneDrive\\Bureau\\shopease\\routes\\CourseStack.js": {"path":"C:\\Users\\hanno\\OneDrive\\Bureau\\shopease\\routes\\CourseStack.js","statementMap":{"0":{"start":{"line":6,"column":14},"end":{"line":6,"column":36}},"1":{"start":{"line":9,"column":4},"end":{"line":14,"column":6}}},"fnMap":{"0":{"name":"CourseStack","decl":{"start":{"line":8,"column":24},"end":{"line":8,"column":35}},"loc":{"start":{"line":8,"column":38},"end":{"line":15,"column":5}},"line":8}},"branchMap":{},"s":{"0":1,"1":1},"f":{"0":1},"b":{},"_coverageSchema":"1a1c01bbd47fc00a2c39e90264f33305004495a9","hash":"bec0e12b262efcbf1ce71e9b8ebe9d8ab0aa7461"}
,"C:\\Users\\hanno\\OneDrive\\Bureau\\shopease\\routes\\Drawer.js": {"path":"C:\\Users\\hanno\\OneDrive\\Bureau\\shopease\\routes\\Drawer.js","statementMap":{"0":{"start":{"line":9,"column":15},"end":{"line":9,"column":38}},"1":{"start":{"line":11,"column":24},"end":{"line":57,"column":1}},"2":{"start":{"line":12,"column":24},"end":{"line":20,"column":3}},"3":{"start":{"line":23,"column":33},"end":{"line":36,"column":4}},"4":{"start":{"line":23,"column":49},"end":{"line":36,"column":3}},"5":{"start":{"line":26,"column":8},"end":{"line":32,"column":9}},"6":{"start":{"line":27,"column":12},"end":{"line":27,"column":30}},"7":{"start":{"line":28,"column":15},"end":{"line":32,"column":9}},"8":{"start":{"line":29,"column":12},"end":{"line":29,"column":30}},"9":{"start":{"line":30,"column":15},"end":{"line":32,"column":9}},"10":{"start":{"line":31,"column":12},"end":{"line":31,"column":30}},"11":{"start":{"line":34,"column":6},"end":{"line":34,"column":68}},"12":{"start":{"line":38,"column":2},"end":{"line":56,"column":4}}},"fnMap":{"0":{"name":"(anonymous_0)","decl":{"start":{"line":11,"column":24},"end":{"line":11,"column":25}},"loc":{"start":{"line":11,"column":30},"end":{"line":57,"column":1}},"line":11},"1":{"name":"(anonymous_1)","decl":{"start":{"line":23,"column":33},"end":{"line":23,"column":34}},"loc":{"start":{"line":23,"column":49},"end":{"line":36,"column":3}},"line":23},"2":{"name":"(anonymous_2)","decl":{"start":{"line":24,"column":18},"end":{"line":24,"column":19}},"loc":{"start":{"line":24,"column":48},"end":{"line":35,"column":5}},"line":24}},"branchMap":{"0":{"loc":{"start":{"line":26,"column":8},"end":{"line":32,"column":9}},"type":"if","locations":[{"start":{"line":26,"column":8},"end":{"line":32,"column":9}},{"start":{"line":28,"column":15},"end":{"line":32,"column":9}}],"line":26},"1":{"loc":{"start":{"line":28,"column":15},"end":{"line":32,"column":9}},"type":"if","locations":[{"start":{"line":28,"column":15},"end":{"line":32,"column":9}},{"start":{"line":30,"column":15},"end":{"line":32,"column":9}}],"line":28},"2":{"loc":{"start":{"line":30,"column":15},"end":{"line":32,"column":9}},"type":"if","locations":[{"start":{"line":30,"column":15},"end":{"line":32,"column":9}},{"start":{},"end":{}}],"line":30}},"s":{"0":1,"1":1,"2":1,"3":1,"4":3,"5":3,"6":1,"7":2,"8":1,"9":1,"10":1,"11":3,"12":1},"f":{"0":1,"1":3,"2":3},"b":{"0":[1,2],"1":[1,1],"2":[1,0]},"_coverageSchema":"1a1c01bbd47fc00a2c39e90264f33305004495a9","hash":"7159d45d356c85ac05fb5ece3104bf94ea4c9aaa"}
,"C:\\Users\\hanno\\OneDrive\\Bureau\\shopease\\routes\\NavPage.js": {"path":"C:\\Users\\hanno\\OneDrive\\Bureau\\shopease\\routes\\NavPage.js","statementMap":{"0":{"start":{"line":6,"column":2},"end":{"line":10,"column":3}}},"fnMap":{"0":{"name":"NavPage","decl":{"start":{"line":5,"column":24},"end":{"line":5,"column":31}},"loc":{"start":{"line":5,"column":34},"end":{"line":11,"column":1}},"line":5}},"branchMap":{},"s":{"0":1},"f":{"0":1},"b":{},"_coverageSchema":"1a1c01bbd47fc00a2c39e90264f33305004495a9","hash":"2477adce1a1d88e649a6bc93be872d079357a584"}
,"C:\\Users\\hanno\\OneDrive\\Bureau\\shopease\\routes\\PayementStack.js": {"path":"C:\\Users\\hanno\\OneDrive\\Bureau\\shopease\\routes\\PayementStack.js","statementMap":{"0":{"start":{"line":5,"column":14},"end":{"line":5,"column":36}},"1":{"start":{"line":8,"column":4},"end":{"line":12,"column":6}}},"fnMap":{"0":{"name":"PayementStack","decl":{"start":{"line":7,"column":24},"end":{"line":7,"column":37}},"loc":{"start":{"line":7,"column":40},"end":{"line":13,"column":5}},"line":7}},"branchMap":{},"s":{"0":1,"1":0},"f":{"0":0},"b":{},"_coverageSchema":"1a1c01bbd47fc00a2c39e90264f33305004495a9","hash":"53bda12312ce7b26c979f22f5d12e7b53dbd9c4b"}
,"C:\\Users\\hanno\\OneDrive\\Bureau\\shopease\\screens\\Cart.js": {"path":"C:\\Users\\hanno\\OneDrive\\Bureau\\shopease\\screens\\Cart.js","statementMap":{"0":{"start":{"line":12,"column":19},"end":{"line":12,"column":32}},"1":{"start":{"line":13,"column":15},"end":{"line":13,"column":47}},"2":{"start":{"line":13,"column":36},"end":{"line":13,"column":46}},"3":{"start":{"line":14,"column":16},"end":{"line":14,"column":53}},"4":{"start":{"line":14,"column":37},"end":{"line":14,"column":52}},"5":{"start":{"line":16,"column":24},"end":{"line":19,"column":3}},"6":{"start":{"line":17,"column":4},"end":{"line":17,"column":45}},"7":{"start":{"line":18,"column":4},"end":{"line":18,"column":55}},"8":{"start":{"line":20,"column":2},"end":{"line":45,"column":3}},"9":{"start":{"line":25,"column":10},"end":{"line":29,"column":12}},"10":{"start":{"line":28,"column":28},"end":{"line":28,"column":62}},"11":{"start":{"line":38,"column":41},"end":{"line":38,"column":67}},"12":{"start":{"line":48,"column":15},"end":{"line":73,"column":2}}},"fnMap":{"0":{"name":"Cart","decl":{"start":{"line":10,"column":24},"end":{"line":10,"column":28}},"loc":{"start":{"line":10,"column":31},"end":{"line":46,"column":1}},"line":10},"1":{"name":"(anonymous_1)","decl":{"start":{"line":13,"column":27},"end":{"line":13,"column":28}},"loc":{"start":{"line":13,"column":36},"end":{"line":13,"column":46}},"line":13},"2":{"name":"(anonymous_2)","decl":{"start":{"line":14,"column":28},"end":{"line":14,"column":29}},"loc":{"start":{"line":14,"column":37},"end":{"line":14,"column":52}},"line":14},"3":{"name":"(anonymous_3)","decl":{"start":{"line":16,"column":24},"end":{"line":16,"column":25}},"loc":{"start":{"line":16,"column":42},"end":{"line":19,"column":3}},"line":16},"4":{"name":"(anonymous_4)","decl":{"start":{"line":24,"column":20},"end":{"line":24,"column":21}},"loc":{"start":{"line":25,"column":10},"end":{"line":29,"column":12}},"line":25},"5":{"name":"(anonymous_5)","decl":{"start":{"line":28,"column":22},"end":{"line":28,"column":23}},"loc":{"start":{"line":28,"column":28},"end":{"line":28,"column":62}},"line":28},"6":{"name":"(anonymous_6)","decl":{"start":{"line":38,"column":35},"end":{"line":38,"column":36}},"loc":{"start":{"line":38,"column":41},"end":{"line":38,"column":67}},"line":38}},"branchMap":{},"s":{"0":0,"1":0,"2":0,"3":0,"4":0,"5":0,"6":0,"7":0,"8":0,"9":0,"10":0,"11":0,"12":1},"f":{"0":0,"1":0,"2":0,"3":0,"4":0,"5":0,"6":0},"b":{},"_coverageSchema":"1a1c01bbd47fc00a2c39e90264f33305004495a9","hash":"3e365fe5d25418882941acd0bd32ae15723fd98c"}
,"C:\\Users\\hanno\\OneDrive\\Bureau\\shopease\\screens\\Course.js": {"path":"C:\\Users\\hanno\\OneDrive\\Bureau\\shopease\\screens\\Course.js","statementMap":{"0":{"start":{"line":8,"column":19},"end":{"line":8,"column":32}},"1":{"start":{"line":9,"column":18},"end":{"line":9,"column":55}},"2":{"start":{"line":9,"column":41},"end":{"line":9,"column":54}},"3":{"start":{"line":10,"column":26},"end":{"line":13,"column":3}},"4":{"start":{"line":11,"column":4},"end":{"line":11,"column":38}},"5":{"start":{"line":12,"column":4},"end":{"line":12,"column":76}},"6":{"start":{"line":16,"column":2},"end":{"line":41,"column":4}},"7":{"start":{"line":19,"column":8},"end":{"line":38,"column":9}},"8":{"start":{"line":20,"column":10},"end":{"line":35,"column":12}},"9":{"start":{"line":28,"column":16},"end":{"line":31,"column":18}},"10":{"start":{"line":33,"column":33},"end":{"line":33,"column":54}},"11":{"start":{"line":37,"column":10},"end":{"line":37,"column":22}}},"fnMap":{"0":{"name":"Course","decl":{"start":{"line":7,"column":24},"end":{"line":7,"column":30}},"loc":{"start":{"line":7,"column":47},"end":{"line":42,"column":1}},"line":7},"1":{"name":"(anonymous_1)","decl":{"start":{"line":9,"column":30},"end":{"line":9,"column":31}},"loc":{"start":{"line":9,"column":41},"end":{"line":9,"column":54}},"line":9},"2":{"name":"(anonymous_2)","decl":{"start":{"line":10,"column":26},"end":{"line":10,"column":27}},"loc":{"start":{"line":10,"column":38},"end":{"line":13,"column":3}},"line":10},"3":{"name":"(anonymous_3)","decl":{"start":{"line":18,"column":19},"end":{"line":18,"column":20}},"loc":{"start":{"line":18,"column":29},"end":{"line":39,"column":7}},"line":18},"4":{"name":"(anonymous_4)","decl":{"start":{"line":27,"column":27},"end":{"line":27,"column":28}},"loc":{"start":{"line":28,"column":16},"end":{"line":31,"column":18}},"line":28},"5":{"name":"(anonymous_5)","decl":{"start":{"line":33,"column":27},"end":{"line":33,"column":28}},"loc":{"start":{"line":33,"column":33},"end":{"line":33,"column":54}},"line":33}},"branchMap":{"0":{"loc":{"start":{"line":19,"column":8},"end":{"line":38,"column":9}},"type":"if","locations":[{"start":{"line":19,"column":8},"end":{"line":38,"column":9}},{"start":{"line":36,"column":15},"end":{"line":38,"column":9}}],"line":19}},"s":{"0":2,"1":2,"2":4,"3":2,"4":0,"5":0,"6":2,"7":18,"8":18,"9":1,"10":0,"11":0},"f":{"0":2,"1":4,"2":0,"3":18,"4":1,"5":0},"b":{"0":[18,0]},"_coverageSchema":"1a1c01bbd47fc00a2c39e90264f33305004495a9","hash":"4e0a1f3ff7c48de91e15173deb47631a58a876ac"}
,"C:\\Users\\hanno\\OneDrive\\Bureau\\shopease\\screens\\CourseDetails.js": {"path":"C:\\Users\\hanno\\OneDrive\\Bureau\\shopease\\screens\\CourseDetails.js","statementMap":{"0":{"start":{"line":12,"column":21},"end":{"line":12,"column":34}},"1":{"start":{"line":13,"column":23},"end":{"line":13,"column":35}},"2":{"start":{"line":14,"column":25},"end":{"line":14,"column":103}},"3":{"start":{"line":14,"column":48},"end":{"line":14,"column":102}},"4":{"start":{"line":14,"column":79},"end":{"line":14,"column":101}},"5":{"start":{"line":15,"column":26},"end":{"line":21,"column":3}},"6":{"start":{"line":16,"column":4},"end":{"line":16,"column":46}},"7":{"start":{"line":17,"column":4},"end":{"line":17,"column":24}},"8":{"start":{"line":18,"column":4},"end":{"line":20,"column":6}},"9":{"start":{"line":22,"column":4},"end":{"line":58,"column":8}},"10":{"start":{"line":49,"column":31},"end":{"line":49,"column":50}},"11":{"start":{"line":61,"column":15},"end":{"line":103,"column":4}}},"fnMap":{"0":{"name":"CourseDetails","decl":{"start":{"line":11,"column":24},"end":{"line":11,"column":37}},"loc":{"start":{"line":11,"column":61},"end":{"line":59,"column":1}},"line":11},"1":{"name":"(anonymous_1)","decl":{"start":{"line":14,"column":37},"end":{"line":14,"column":38}},"loc":{"start":{"line":14,"column":48},"end":{"line":14,"column":102}},"line":14},"2":{"name":"(anonymous_2)","decl":{"start":{"line":14,"column":67},"end":{"line":14,"column":68}},"loc":{"start":{"line":14,"column":79},"end":{"line":14,"column":101}},"line":14},"3":{"name":"(anonymous_3)","decl":{"start":{"line":15,"column":26},"end":{"line":15,"column":27}},"loc":{"start":{"line":15,"column":32},"end":{"line":21,"column":3}},"line":15},"4":{"name":"(anonymous_4)","decl":{"start":{"line":49,"column":25},"end":{"line":49,"column":26}},"loc":{"start":{"line":49,"column":31},"end":{"line":49,"column":50}},"line":49}},"branchMap":{},"s":{"0":0,"1":0,"2":0,"3":0,"4":0,"5":0,"6":0,"7":0,"8":0,"9":0,"10":0,"11":1},"f":{"0":0,"1":0,"2":0,"3":0,"4":0},"b":{},"_coverageSchema":"1a1c01bbd47fc00a2c39e90264f33305004495a9","hash":"3e6a23d982fa40c0bb0a22e4defa04c833451beb"}
,"C:\\Users\\hanno\\OneDrive\\Bureau\\shopease\\screens\\Payements.js": {"path":"C:\\Users\\hanno\\OneDrive\\Bureau\\shopease\\screens\\Payements.js","statementMap":{"0":{"start":{"line":8,"column":48},"end":{"line":8,"column":62}},"1":{"start":{"line":10,"column":25},"end":{"line":10,"column":64}},"2":{"start":{"line":10,"column":48},"end":{"line":10,"column":63}},"3":{"start":{"line":12,"column":21},"end":{"line":14,"column":3}},"4":{"start":{"line":13,"column":4},"end":{"line":13,"column":76}},"5":{"start":{"line":13,"column":39},"end":{"line":13,"column":73}},"6":{"start":{"line":16,"column":2},"end":{"line":47,"column":4}},"7":{"start":{"line":19,"column":8},"end":{"line":44,"column":27}},"8":{"start":{"line":19,"column":89},"end":{"line":19,"column":106}},"9":{"start":{"line":28,"column":31},"end":{"line":28,"column":48}},"10":{"start":{"line":34,"column":18},"end":{"line":39,"column":25}},"11":{"start":{"line":50,"column":15},"end":{"line":91,"column":2}}},"fnMap":{"0":{"name":"Payements","decl":{"start":{"line":7,"column":24},"end":{"line":7,"column":33}},"loc":{"start":{"line":7,"column":36},"end":{"line":48,"column":1}},"line":7},"1":{"name":"(anonymous_1)","decl":{"start":{"line":10,"column":37},"end":{"line":10,"column":38}},"loc":{"start":{"line":10,"column":48},"end":{"line":10,"column":63}},"line":10},"2":{"name":"(anonymous_2)","decl":{"start":{"line":12,"column":21},"end":{"line":12,"column":22}},"loc":{"start":{"line":12,"column":32},"end":{"line":14,"column":3}},"line":12},"3":{"name":"(anonymous_3)","decl":{"start":{"line":13,"column":23},"end":{"line":13,"column":24}},"loc":{"start":{"line":13,"column":39},"end":{"line":13,"column":73}},"line":13},"4":{"name":"(anonymous_4)","decl":{"start":{"line":18,"column":26},"end":{"line":18,"column":27}},"loc":{"start":{"line":19,"column":8},"end":{"line":44,"column":27}},"line":19},"5":{"name":"(anonymous_5)","decl":{"start":{"line":19,"column":83},"end":{"line":19,"column":84}},"loc":{"start":{"line":19,"column":89},"end":{"line":19,"column":106}},"line":19},"6":{"name":"(anonymous_6)","decl":{"start":{"line":28,"column":25},"end":{"line":28,"column":26}},"loc":{"start":{"line":28,"column":31},"end":{"line":28,"column":48}},"line":28},"7":{"name":"(anonymous_7)","decl":{"start":{"line":33,"column":36},"end":{"line":33,"column":37}},"loc":{"start":{"line":34,"column":18},"end":{"line":39,"column":25}},"line":34}},"branchMap":{"0":{"loc":{"start":{"line":13,"column":39},"end":{"line":13,"column":73}},"type":"cond-expr","locations":[{"start":{"line":13,"column":61},"end":{"line":13,"column":65}},{"start":{"line":13,"column":68},"end":{"line":13,"column":73}}],"line":13},"1":{"loc":{"start":{"line":25,"column":22},"end":{"line":25,"column":96}},"type":"cond-expr","locations":[{"start":{"line":25,"column":50},"end":{"line":25,"column":73}},{"start":{"line":25,"column":76},"end":{"line":25,"column":96}}],"line":25},"2":{"loc":{"start":{"line":26,"column":23},"end":{"line":26,"column":73}},"type":"cond-expr","locations":[{"start":{"line":26,"column":51},"end":{"line":26,"column":58}},{"start":{"line":26,"column":61},"end":{"line":26,"column":73}}],"line":26},"3":{"loc":{"start":{"line":31,"column":13},"end":{"line":42,"column":13}},"type":"binary-expr","locations":[{"start":{"line":31,"column":13},"end":{"line":31,"column":38}},{"start":{"line":32,"column":14},"end":{"line":41,"column":21}}],"line":31}},"s":{"0":0,"1":0,"2":0,"3":0,"4":0,"5":0,"6":0,"7":0,"8":0,"9":0,"10":0,"11":1},"f":{"0":0,"1":0,"2":0,"3":0,"4":0,"5":0,"6":0,"7":0},"b":{"0":[0,0],"1":[0,0],"2":[0,0],"3":[0,0]},"_coverageSchema":"1a1c01bbd47fc00a2c39e90264f33305004495a9","hash":"e69c44060162524e486ec2cbdac0f64812d1052a"}
,"C:\\Users\\hanno\\OneDrive\\Bureau\\shopease\\styles\\Colors.js": {"path":"C:\\Users\\hanno\\OneDrive\\Bureau\\shopease\\styles\\Colors.js","statementMap":{},"fnMap":{},"branchMap":{},"s":{},"f":{},"b":{},"_coverageSchema":"1a1c01bbd47fc00a2c39e90264f33305004495a9","hash":"6b7bb23f1718dcf14a4754a1767aa267927ffd76"}
}
